2016-12-03 14:00:30.902  INFO 7453 --- [main] com.bao.MsDuminjunApplication            : Starting MsDuminjunApplication on hanruofeideMBP.lan with PID 7453 (/Users/hanruofei/Documents/code_github/aixuManager/target/classes started by hanruofei in /Users/hanruofei/Documents/code_github/aixuManager)
2016-12-03 14:00:30.908  INFO 7453 --- [main] com.bao.MsDuminjunApplication            : No active profile set, falling back to default profiles: default
2016-12-03 14:00:31.056  INFO 7453 --- [main] ationConfigEmbeddedWebApplicationContext : Refreshing org.springframework.boot.context.embedded.AnnotationConfigEmbeddedWebApplicationContext@47d90b9e: startup date [Sat Dec 03 14:00:31 CST 2016]; root of context hierarchy
2016-12-03 14:00:32.625  WARN 7453 --- [main] o.m.s.mapper.ClassPathMapperScanner      : No MyBatis mapper was found in '[com.bao]' package. Please check your configuration.
2016-12-03 14:00:33.585  INFO 7453 --- [main] trationDelegate$BeanPostProcessorChecker : Bean 'org.springframework.transaction.annotation.ProxyTransactionManagementConfiguration' of type [class org.springframework.transaction.annotation.ProxyTransactionManagementConfiguration$$EnhancerBySpringCGLIB$$be38dab7] is not eligible for getting processed by all BeanPostProcessors (for example: not eligible for auto-proxying)
2016-12-03 14:00:34.227  INFO 7453 --- [main] s.b.c.e.t.TomcatEmbeddedServletContainer : Tomcat initialized with port(s): 8080 (http)
2016-12-03 14:00:34.275  INFO 7453 --- [main] o.apache.catalina.core.StandardService   : Starting service Tomcat
2016-12-03 14:00:34.281  INFO 7453 --- [main] org.apache.catalina.core.StandardEngine  : Starting Servlet Engine: Apache Tomcat/8.0.33
2016-12-03 14:00:34.508  INFO 7453 --- [localhost-startStop-1] o.a.c.c.C.[Tomcat].[localhost].[/]       : Initializing Spring embedded WebApplicationContext
2016-12-03 14:00:34.509  INFO 7453 --- [localhost-startStop-1] o.s.web.context.ContextLoader            : Root WebApplicationContext: initialization completed in 3459 ms
2016-12-03 14:00:35.186  INFO 7453 --- [localhost-startStop-1] o.s.b.c.e.ServletRegistrationBean        : Mapping servlet: 'dispatcherServlet' to [/]
2016-12-03 14:00:35.204  INFO 7453 --- [localhost-startStop-1] o.s.b.c.embedded.FilterRegistrationBean  : Mapping filter: 'metricFilter' to: [/*]
2016-12-03 14:00:35.204  INFO 7453 --- [localhost-startStop-1] o.s.b.c.embedded.FilterRegistrationBean  : Mapping filter: 'characterEncodingFilter' to: [/*]
2016-12-03 14:00:35.205  INFO 7453 --- [localhost-startStop-1] o.s.b.c.embedded.FilterRegistrationBean  : Mapping filter: 'hiddenHttpMethodFilter' to: [/*]
2016-12-03 14:00:35.205  INFO 7453 --- [localhost-startStop-1] o.s.b.c.embedded.FilterRegistrationBean  : Mapping filter: 'httpPutFormContentFilter' to: [/*]
2016-12-03 14:00:35.205  INFO 7453 --- [localhost-startStop-1] o.s.b.c.embedded.FilterRegistrationBean  : Mapping filter: 'requestContextFilter' to: [/*]
2016-12-03 14:00:35.205  INFO 7453 --- [localhost-startStop-1] o.s.b.c.embedded.FilterRegistrationBean  : Mapping filter: 'webRequestLoggingFilter' to: [/*]
2016-12-03 14:00:35.206  INFO 7453 --- [localhost-startStop-1] o.s.b.c.embedded.FilterRegistrationBean  : Mapping filter: 'simpleCORSFilter' to: [/*]
2016-12-03 14:00:35.207  INFO 7453 --- [localhost-startStop-1] o.s.b.c.embedded.FilterRegistrationBean  : Mapping filter: 'applicationContextIdFilter' to: [/*]
2016-12-03 14:00:36.682  INFO 7453 --- [main] s.w.s.m.m.a.RequestMappingHandlerAdapter : Looking for @ControllerAdvice: org.springframework.boot.context.embedded.AnnotationConfigEmbeddedWebApplicationContext@47d90b9e: startup date [Sat Dec 03 14:00:31 CST 2016]; root of context hierarchy
2016-12-03 14:00:36.831  INFO 7453 --- [main] s.w.s.m.m.a.RequestMappingHandlerMapping : Mapped "{[/product/all],methods=[GET]}" onto public java.util.List<com.bao.model.Product> com.bao.controller.ProductController.getInfo()
2016-12-03 14:00:36.834  INFO 7453 --- [main] s.w.s.m.m.a.RequestMappingHandlerMapping : Mapped "{[/urls],methods=[GET]}" onto public java.util.List<com.bao.model.UrlInfo> com.bao.controller.UrlInfoController.getInfo()
2016-12-03 14:00:36.835  INFO 7453 --- [main] s.w.s.m.m.a.RequestMappingHandlerMapping : Mapped "{[/urls/{id}],methods=[POST]}" onto public java.lang.String com.bao.controller.UrlInfoController.updateUrlInfo(java.lang.String,com.bao.model.UrlInfo)
2016-12-03 14:00:36.835  INFO 7453 --- [main] s.w.s.m.m.a.RequestMappingHandlerMapping : Mapped "{[/urls/batch],methods=[POST]}" onto public java.lang.String com.bao.controller.UrlInfoController.updateBatch(com.bao.controller.msg.UrlRequest)
2016-12-03 14:00:36.839  INFO 7453 --- [main] s.w.s.m.m.a.RequestMappingHandlerMapping : Mapped "{[/error]}" onto public org.springframework.http.ResponseEntity<java.util.Map<java.lang.String, java.lang.Object>> org.springframework.boot.autoconfigure.web.BasicErrorController.error(javax.servlet.http.HttpServletRequest)
2016-12-03 14:00:36.839  INFO 7453 --- [main] s.w.s.m.m.a.RequestMappingHandlerMapping : Mapped "{[/error],produces=[text/html]}" onto public org.springframework.web.servlet.ModelAndView org.springframework.boot.autoconfigure.web.BasicErrorController.errorHtml(javax.servlet.http.HttpServletRequest,javax.servlet.http.HttpServletResponse)
2016-12-03 14:00:36.874  INFO 7453 --- [main] o.s.w.s.handler.SimpleUrlHandlerMapping  : Mapped URL path [/webjars/**] onto handler of type [class org.springframework.web.servlet.resource.ResourceHttpRequestHandler]
2016-12-03 14:00:36.874  INFO 7453 --- [main] o.s.w.s.handler.SimpleUrlHandlerMapping  : Mapped URL path [/**] onto handler of type [class org.springframework.web.servlet.resource.ResourceHttpRequestHandler]
2016-12-03 14:00:36.941  INFO 7453 --- [main] o.s.w.s.handler.SimpleUrlHandlerMapping  : Mapped URL path [/**/favicon.ico] onto handler of type [class org.springframework.web.servlet.resource.ResourceHttpRequestHandler]
2016-12-03 14:00:37.473  INFO 7453 --- [main] o.s.b.a.e.mvc.EndpointHandlerMapping     : Mapped "{[/beans || /beans.json],methods=[GET],produces=[application/json]}" onto public java.lang.Object org.springframework.boot.actuate.endpoint.mvc.EndpointMvcAdapter.invoke()
2016-12-03 14:00:37.474  INFO 7453 --- [main] o.s.b.a.e.mvc.EndpointHandlerMapping     : Mapped "{[/configprops || /configprops.json],methods=[GET],produces=[application/json]}" onto public java.lang.Object org.springframework.boot.actuate.endpoint.mvc.EndpointMvcAdapter.invoke()
2016-12-03 14:00:37.475  INFO 7453 --- [main] o.s.b.a.e.mvc.EndpointHandlerMapping     : Mapped "{[/health || /health.json],produces=[application/json]}" onto public java.lang.Object org.springframework.boot.actuate.endpoint.mvc.HealthMvcEndpoint.invoke(java.security.Principal)
2016-12-03 14:00:37.486  INFO 7453 --- [main] o.s.b.a.e.mvc.EndpointHandlerMapping     : Mapped "{[/trace || /trace.json],methods=[GET],produces=[application/json]}" onto public java.lang.Object org.springframework.boot.actuate.endpoint.mvc.EndpointMvcAdapter.invoke()
2016-12-03 14:00:37.491  INFO 7453 --- [main] o.s.b.a.e.mvc.EndpointHandlerMapping     : Mapped "{[/autoconfig || /autoconfig.json],methods=[GET],produces=[application/json]}" onto public java.lang.Object org.springframework.boot.actuate.endpoint.mvc.EndpointMvcAdapter.invoke()
2016-12-03 14:00:37.493  INFO 7453 --- [main] o.s.b.a.e.mvc.EndpointHandlerMapping     : Mapped "{[/env/{name:.*}],methods=[GET],produces=[application/json]}" onto public java.lang.Object org.springframework.boot.actuate.endpoint.mvc.EnvironmentMvcEndpoint.value(java.lang.String)
2016-12-03 14:00:37.494  INFO 7453 --- [main] o.s.b.a.e.mvc.EndpointHandlerMapping     : Mapped "{[/env || /env.json],methods=[GET],produces=[application/json]}" onto public java.lang.Object org.springframework.boot.actuate.endpoint.mvc.EndpointMvcAdapter.invoke()
2016-12-03 14:00:37.501  INFO 7453 --- [main] o.s.b.a.e.mvc.EndpointHandlerMapping     : Mapped "{[/metrics/{name:.*}],methods=[GET],produces=[application/json]}" onto public java.lang.Object org.springframework.boot.actuate.endpoint.mvc.MetricsMvcEndpoint.value(java.lang.String)
2016-12-03 14:00:37.502  INFO 7453 --- [main] o.s.b.a.e.mvc.EndpointHandlerMapping     : Mapped "{[/metrics || /metrics.json],methods=[GET],produces=[application/json]}" onto public java.lang.Object org.springframework.boot.actuate.endpoint.mvc.EndpointMvcAdapter.invoke()
2016-12-03 14:00:37.503  INFO 7453 --- [main] o.s.b.a.e.mvc.EndpointHandlerMapping     : Mapped "{[/dump || /dump.json],methods=[GET],produces=[application/json]}" onto public java.lang.Object org.springframework.boot.actuate.endpoint.mvc.EndpointMvcAdapter.invoke()
2016-12-03 14:00:37.504  INFO 7453 --- [main] o.s.b.a.e.mvc.EndpointHandlerMapping     : Mapped "{[/logfile || /logfile.json],methods=[GET || HEAD]}" onto public void org.springframework.boot.actuate.endpoint.mvc.LogFileMvcEndpoint.invoke(javax.servlet.http.HttpServletRequest,javax.servlet.http.HttpServletResponse) throws javax.servlet.ServletException,java.io.IOException
2016-12-03 14:00:37.506  INFO 7453 --- [main] o.s.b.a.e.mvc.EndpointHandlerMapping     : Mapped "{[/mappings || /mappings.json],methods=[GET],produces=[application/json]}" onto public java.lang.Object org.springframework.boot.actuate.endpoint.mvc.EndpointMvcAdapter.invoke()
2016-12-03 14:00:37.508  INFO 7453 --- [main] o.s.b.a.e.mvc.EndpointHandlerMapping     : Mapped "{[/info || /info.json],methods=[GET],produces=[application/json]}" onto public java.lang.Object org.springframework.boot.actuate.endpoint.mvc.EndpointMvcAdapter.invoke()
2016-12-03 14:00:37.807  INFO 7453 --- [main] o.s.j.e.a.AnnotationMBeanExporter        : Registering beans for JMX exposure on startup
2016-12-03 14:00:37.822  INFO 7453 --- [main] o.s.c.support.DefaultLifecycleProcessor  : Starting beans in phase 0
2016-12-03 14:00:38.007  INFO 7453 --- [main] s.b.c.e.t.TomcatEmbeddedServletContainer : Tomcat started on port(s): 8080 (http)
2016-12-03 14:00:38.013  INFO 7453 --- [main] com.bao.MsDuminjunApplication            : Started MsDuminjunApplication in 8.607 seconds (JVM running for 10.306)
2016-12-03 14:01:08.647  INFO 7453 --- [http-nio-8080-exec-1] o.a.c.c.C.[Tomcat].[localhost].[/]       : Initializing Spring FrameworkServlet 'dispatcherServlet'
2016-12-03 14:01:08.647  INFO 7453 --- [http-nio-8080-exec-1] o.s.web.servlet.DispatcherServlet        : FrameworkServlet 'dispatcherServlet': initialization started
2016-12-03 14:01:08.665  INFO 7453 --- [http-nio-8080-exec-1] o.s.web.servlet.DispatcherServlet        : FrameworkServlet 'dispatcherServlet': initialization completed in 18 ms
2016-12-03 14:01:13.066  INFO 7453 --- [http-nio-8080-exec-1] o.s.b.f.xml.XmlBeanDefinitionReader      : Loading XML bean definitions from class path resource [org/springframework/jdbc/support/sql-error-codes.xml]
2016-12-03 14:01:13.148  INFO 7453 --- [http-nio-8080-exec-1] o.s.jdbc.support.SQLErrorCodesFactory    : SQLErrorCodes loaded: [DB2, Derby, H2, HSQL, Informix, MS-SQL, MySQL, Oracle, PostgreSQL, Sybase, Hana]
2016-12-03 14:01:13.176 ERROR 7453 --- [http-nio-8080-exec-1] o.a.c.c.C.[.[.[/].[dispatcherServlet]    : Servlet.service() for servlet [dispatcherServlet] in context with path [] threw exception [Request processing failed; nested exception is org.springframework.jdbc.BadSqlGrammarException: 
### Error querying database.  Cause: com.mysql.jdbc.exceptions.jdbc4.MySQLSyntaxErrorException: Table 'aixuManager.url_info' doesn't exist
### The error may exist in mybatis/urlInfo.xml
### The error may involve defaultParameterMap
### The error occurred while setting parameters
### SQL: select id,url,descInfo         from url_info
### Cause: com.mysql.jdbc.exceptions.jdbc4.MySQLSyntaxErrorException: Table 'aixuManager.url_info' doesn't exist
; bad SQL grammar []; nested exception is com.mysql.jdbc.exceptions.jdbc4.MySQLSyntaxErrorException: Table 'aixuManager.url_info' doesn't exist] with root cause

com.mysql.jdbc.exceptions.jdbc4.MySQLSyntaxErrorException: Table 'aixuManager.url_info' doesn't exist
	at sun.reflect.NativeConstructorAccessorImpl.newInstance0(Native Method) ~[na:1.8.0_45]
	at sun.reflect.NativeConstructorAccessorImpl.newInstance(NativeConstructorAccessorImpl.java:62) ~[na:1.8.0_45]
	at sun.reflect.DelegatingConstructorAccessorImpl.newInstance(DelegatingConstructorAccessorImpl.java:45) ~[na:1.8.0_45]
	at java.lang.reflect.Constructor.newInstance(Constructor.java:422) ~[na:1.8.0_45]
	at com.mysql.jdbc.Util.handleNewInstance(Util.java:404) ~[mysql-connector-java-5.1.38.jar:5.1.38]
	at com.mysql.jdbc.Util.getInstance(Util.java:387) ~[mysql-connector-java-5.1.38.jar:5.1.38]
	at com.mysql.jdbc.SQLError.createSQLException(SQLError.java:939) ~[mysql-connector-java-5.1.38.jar:5.1.38]
	at com.mysql.jdbc.MysqlIO.checkErrorPacket(MysqlIO.java:3878) ~[mysql-connector-java-5.1.38.jar:5.1.38]
	at com.mysql.jdbc.MysqlIO.checkErrorPacket(MysqlIO.java:3814) ~[mysql-connector-java-5.1.38.jar:5.1.38]
	at com.mysql.jdbc.MysqlIO.sendCommand(MysqlIO.java:2478) ~[mysql-connector-java-5.1.38.jar:5.1.38]
	at com.mysql.jdbc.MysqlIO.sqlQueryDirect(MysqlIO.java:2625) ~[mysql-connector-java-5.1.38.jar:5.1.38]
	at com.mysql.jdbc.ConnectionImpl.execSQL(ConnectionImpl.java:2551) ~[mysql-connector-java-5.1.38.jar:5.1.38]
	at com.mysql.jdbc.PreparedStatement.executeInternal(PreparedStatement.java:1861) ~[mysql-connector-java-5.1.38.jar:5.1.38]
	at com.mysql.jdbc.PreparedStatement.execute(PreparedStatement.java:1192) ~[mysql-connector-java-5.1.38.jar:5.1.38]
	at org.apache.ibatis.executor.statement.PreparedStatementHandler.query(PreparedStatementHandler.java:63) ~[mybatis-3.4.0.jar:3.4.0]
	at org.apache.ibatis.executor.statement.RoutingStatementHandler.query(RoutingStatementHandler.java:79) ~[mybatis-3.4.0.jar:3.4.0]
	at org.apache.ibatis.executor.SimpleExecutor.doQuery(SimpleExecutor.java:63) ~[mybatis-3.4.0.jar:3.4.0]
	at org.apache.ibatis.executor.BaseExecutor.queryFromDatabase(BaseExecutor.java:325) ~[mybatis-3.4.0.jar:3.4.0]
	at org.apache.ibatis.executor.BaseExecutor.query(BaseExecutor.java:156) ~[mybatis-3.4.0.jar:3.4.0]
	at org.apache.ibatis.executor.CachingExecutor.query(CachingExecutor.java:109) ~[mybatis-3.4.0.jar:3.4.0]
	at org.apache.ibatis.executor.CachingExecutor.query(CachingExecutor.java:83) ~[mybatis-3.4.0.jar:3.4.0]
	at org.apache.ibatis.session.defaults.DefaultSqlSession.selectList(DefaultSqlSession.java:148) ~[mybatis-3.4.0.jar:3.4.0]
	at org.apache.ibatis.session.defaults.DefaultSqlSession.selectList(DefaultSqlSession.java:141) ~[mybatis-3.4.0.jar:3.4.0]
	at org.apache.ibatis.session.defaults.DefaultSqlSession.selectList(DefaultSqlSession.java:136) ~[mybatis-3.4.0.jar:3.4.0]
	at sun.reflect.NativeMethodAccessorImpl.invoke0(Native Method) ~[na:1.8.0_45]
	at sun.reflect.NativeMethodAccessorImpl.invoke(NativeMethodAccessorImpl.java:62) ~[na:1.8.0_45]
	at sun.reflect.DelegatingMethodAccessorImpl.invoke(DelegatingMethodAccessorImpl.java:43) ~[na:1.8.0_45]
	at java.lang.reflect.Method.invoke(Method.java:497) ~[na:1.8.0_45]
	at org.mybatis.spring.SqlSessionTemplate$SqlSessionInterceptor.invoke(SqlSessionTemplate.java:434) ~[mybatis-spring-1.3.0.jar:1.3.0]
	at com.sun.proxy.$Proxy53.selectList(Unknown Source) ~[na:na]
	at org.mybatis.spring.SqlSessionTemplate.selectList(SqlSessionTemplate.java:223) ~[mybatis-spring-1.3.0.jar:1.3.0]
	at com.bao.mapper.ProductMapper.selectAll(ProductMapper.java:26) ~[classes/:na]
	at com.bao.controller.ProductController.getInfo(ProductController.java:23) ~[classes/:na]
	at sun.reflect.NativeMethodAccessorImpl.invoke0(Native Method) ~[na:1.8.0_45]
	at sun.reflect.NativeMethodAccessorImpl.invoke(NativeMethodAccessorImpl.java:62) ~[na:1.8.0_45]
	at sun.reflect.DelegatingMethodAccessorImpl.invoke(DelegatingMethodAccessorImpl.java:43) ~[na:1.8.0_45]
	at java.lang.reflect.Method.invoke(Method.java:497) ~[na:1.8.0_45]
	at org.springframework.web.method.support.InvocableHandlerMethod.doInvoke(InvocableHandlerMethod.java:221) ~[spring-web-4.2.6.RELEASE.jar:4.2.6.RELEASE]
	at org.springframework.web.method.support.InvocableHandlerMethod.invokeForRequest(InvocableHandlerMethod.java:136) ~[spring-web-4.2.6.RELEASE.jar:4.2.6.RELEASE]
	at org.springframework.web.servlet.mvc.method.annotation.ServletInvocableHandlerMethod.invokeAndHandle(ServletInvocableHandlerMethod.java:110) ~[spring-webmvc-4.2.6.RELEASE.jar:4.2.6.RELEASE]
	at org.springframework.web.servlet.mvc.method.annotation.RequestMappingHandlerAdapter.invokeHandlerMethod(RequestMappingHandlerAdapter.java:832) ~[spring-webmvc-4.2.6.RELEASE.jar:4.2.6.RELEASE]
	at org.springframework.web.servlet.mvc.method.annotation.RequestMappingHandlerAdapter.handleInternal(RequestMappingHandlerAdapter.java:743) ~[spring-webmvc-4.2.6.RELEASE.jar:4.2.6.RELEASE]
	at org.springframework.web.servlet.mvc.method.AbstractHandlerMethodAdapter.handle(AbstractHandlerMethodAdapter.java:85) ~[spring-webmvc-4.2.6.RELEASE.jar:4.2.6.RELEASE]
	at org.springframework.web.servlet.DispatcherServlet.doDispatch(DispatcherServlet.java:961) ~[spring-webmvc-4.2.6.RELEASE.jar:4.2.6.RELEASE]
	at org.springframework.web.servlet.DispatcherServlet.doService(DispatcherServlet.java:895) ~[spring-webmvc-4.2.6.RELEASE.jar:4.2.6.RELEASE]
	at org.springframework.web.servlet.FrameworkServlet.processRequest(FrameworkServlet.java:967) ~[spring-webmvc-4.2.6.RELEASE.jar:4.2.6.RELEASE]
	at org.springframework.web.servlet.FrameworkServlet.doGet(FrameworkServlet.java:858) ~[spring-webmvc-4.2.6.RELEASE.jar:4.2.6.RELEASE]
	at javax.servlet.http.HttpServlet.service(HttpServlet.java:622) ~[tomcat-embed-core-8.0.33.jar:8.0.33]
	at org.springframework.web.servlet.FrameworkServlet.service(FrameworkServlet.java:843) ~[spring-webmvc-4.2.6.RELEASE.jar:4.2.6.RELEASE]
	at javax.servlet.http.HttpServlet.service(HttpServlet.java:729) ~[tomcat-embed-core-8.0.33.jar:8.0.33]
	at org.apache.catalina.core.ApplicationFilterChain.internalDoFilter(ApplicationFilterChain.java:292) ~[tomcat-embed-core-8.0.33.jar:8.0.33]
	at org.apache.catalina.core.ApplicationFilterChain.doFilter(ApplicationFilterChain.java:207) ~[tomcat-embed-core-8.0.33.jar:8.0.33]
	at org.apache.tomcat.websocket.server.WsFilter.doFilter(WsFilter.java:52) ~[tomcat-embed-websocket-8.0.33.jar:8.0.33]
	at org.apache.catalina.core.ApplicationFilterChain.internalDoFilter(ApplicationFilterChain.java:240) ~[tomcat-embed-core-8.0.33.jar:8.0.33]
	at org.apache.catalina.core.ApplicationFilterChain.doFilter(ApplicationFilterChain.java:207) ~[tomcat-embed-core-8.0.33.jar:8.0.33]
	at org.springframework.boot.actuate.autoconfigure.EndpointWebMvcAutoConfiguration$ApplicationContextHeaderFilter.doFilterInternal(EndpointWebMvcAutoConfiguration.java:261) ~[spring-boot-actuator-1.3.5.RELEASE.jar:1.3.5.RELEASE]
	at org.springframework.web.filter.OncePerRequestFilter.doFilter(OncePerRequestFilter.java:107) ~[spring-web-4.2.6.RELEASE.jar:4.2.6.RELEASE]
	at org.apache.catalina.core.ApplicationFilterChain.internalDoFilter(ApplicationFilterChain.java:240) ~[tomcat-embed-core-8.0.33.jar:8.0.33]
	at org.apache.catalina.core.ApplicationFilterChain.doFilter(ApplicationFilterChain.java:207) ~[tomcat-embed-core-8.0.33.jar:8.0.33]
	at com.bao.filter.SimpleCORSFilter.doFilter(SimpleCORSFilter.java:56) ~[classes/:na]
	at org.apache.catalina.core.ApplicationFilterChain.internalDoFilter(ApplicationFilterChain.java:240) ~[tomcat-embed-core-8.0.33.jar:8.0.33]
	at org.apache.catalina.core.ApplicationFilterChain.doFilter(ApplicationFilterChain.java:207) ~[tomcat-embed-core-8.0.33.jar:8.0.33]
	at org.springframework.boot.actuate.trace.WebRequestTraceFilter.doFilterInternal(WebRequestTraceFilter.java:115) ~[spring-boot-actuator-1.3.5.RELEASE.jar:1.3.5.RELEASE]
	at org.springframework.web.filter.OncePerRequestFilter.doFilter(OncePerRequestFilter.java:107) ~[spring-web-4.2.6.RELEASE.jar:4.2.6.RELEASE]
	at org.apache.catalina.core.ApplicationFilterChain.internalDoFilter(ApplicationFilterChain.java:240) ~[tomcat-embed-core-8.0.33.jar:8.0.33]
	at org.apache.catalina.core.ApplicationFilterChain.doFilter(ApplicationFilterChain.java:207) ~[tomcat-embed-core-8.0.33.jar:8.0.33]
	at org.springframework.web.filter.RequestContextFilter.doFilterInternal(RequestContextFilter.java:99) ~[spring-web-4.2.6.RELEASE.jar:4.2.6.RELEASE]
	at org.springframework.web.filter.OncePerRequestFilter.doFilter(OncePerRequestFilter.java:107) ~[spring-web-4.2.6.RELEASE.jar:4.2.6.RELEASE]
	at org.apache.catalina.core.ApplicationFilterChain.internalDoFilter(ApplicationFilterChain.java:240) ~[tomcat-embed-core-8.0.33.jar:8.0.33]
	at org.apache.catalina.core.ApplicationFilterChain.doFilter(ApplicationFilterChain.java:207) ~[tomcat-embed-core-8.0.33.jar:8.0.33]
	at org.springframework.web.filter.HttpPutFormContentFilter.doFilterInternal(HttpPutFormContentFilter.java:87) ~[spring-web-4.2.6.RELEASE.jar:4.2.6.RELEASE]
	at org.springframework.web.filter.OncePerRequestFilter.doFilter(OncePerRequestFilter.java:107) ~[spring-web-4.2.6.RELEASE.jar:4.2.6.RELEASE]
	at org.apache.catalina.core.ApplicationFilterChain.internalDoFilter(ApplicationFilterChain.java:240) ~[tomcat-embed-core-8.0.33.jar:8.0.33]
	at org.apache.catalina.core.ApplicationFilterChain.doFilter(ApplicationFilterChain.java:207) ~[tomcat-embed-core-8.0.33.jar:8.0.33]
	at org.springframework.web.filter.HiddenHttpMethodFilter.doFilterInternal(HiddenHttpMethodFilter.java:77) ~[spring-web-4.2.6.RELEASE.jar:4.2.6.RELEASE]
	at org.springframework.web.filter.OncePerRequestFilter.doFilter(OncePerRequestFilter.java:107) ~[spring-web-4.2.6.RELEASE.jar:4.2.6.RELEASE]
	at org.apache.catalina.core.ApplicationFilterChain.internalDoFilter(ApplicationFilterChain.java:240) ~[tomcat-embed-core-8.0.33.jar:8.0.33]
	at org.apache.catalina.core.ApplicationFilterChain.doFilter(ApplicationFilterChain.java:207) ~[tomcat-embed-core-8.0.33.jar:8.0.33]
	at org.springframework.web.filter.CharacterEncodingFilter.doFilterInternal(CharacterEncodingFilter.java:121) ~[spring-web-4.2.6.RELEASE.jar:4.2.6.RELEASE]
	at org.springframework.web.filter.OncePerRequestFilter.doFilter(OncePerRequestFilter.java:107) ~[spring-web-4.2.6.RELEASE.jar:4.2.6.RELEASE]
	at org.apache.catalina.core.ApplicationFilterChain.internalDoFilter(ApplicationFilterChain.java:240) ~[tomcat-embed-core-8.0.33.jar:8.0.33]
	at org.apache.catalina.core.ApplicationFilterChain.doFilter(ApplicationFilterChain.java:207) ~[tomcat-embed-core-8.0.33.jar:8.0.33]
	at org.springframework.boot.actuate.autoconfigure.MetricsFilter.doFilterInternal(MetricsFilter.java:103) ~[spring-boot-actuator-1.3.5.RELEASE.jar:1.3.5.RELEASE]
	at org.springframework.web.filter.OncePerRequestFilter.doFilter(OncePerRequestFilter.java:107) ~[spring-web-4.2.6.RELEASE.jar:4.2.6.RELEASE]
	at org.apache.catalina.core.ApplicationFilterChain.internalDoFilter(ApplicationFilterChain.java:240) ~[tomcat-embed-core-8.0.33.jar:8.0.33]
	at org.apache.catalina.core.ApplicationFilterChain.doFilter(ApplicationFilterChain.java:207) ~[tomcat-embed-core-8.0.33.jar:8.0.33]
	at org.apache.catalina.core.StandardWrapperValve.invoke(StandardWrapperValve.java:212) ~[tomcat-embed-core-8.0.33.jar:8.0.33]
	at org.apache.catalina.core.StandardContextValve.invoke(StandardContextValve.java:106) [tomcat-embed-core-8.0.33.jar:8.0.33]
	at org.apache.catalina.authenticator.AuthenticatorBase.invoke(AuthenticatorBase.java:502) [tomcat-embed-core-8.0.33.jar:8.0.33]
	at org.apache.catalina.core.StandardHostValve.invoke(StandardHostValve.java:141) [tomcat-embed-core-8.0.33.jar:8.0.33]
	at org.apache.catalina.valves.ErrorReportValve.invoke(ErrorReportValve.java:79) [tomcat-embed-core-8.0.33.jar:8.0.33]
	at org.apache.catalina.core.StandardEngineValve.invoke(StandardEngineValve.java:88) [tomcat-embed-core-8.0.33.jar:8.0.33]
	at org.apache.catalina.connector.CoyoteAdapter.service(CoyoteAdapter.java:522) [tomcat-embed-core-8.0.33.jar:8.0.33]
	at org.apache.coyote.http11.AbstractHttp11Processor.process(AbstractHttp11Processor.java:1095) [tomcat-embed-core-8.0.33.jar:8.0.33]
	at org.apache.coyote.AbstractProtocol$AbstractConnectionHandler.process(AbstractProtocol.java:672) [tomcat-embed-core-8.0.33.jar:8.0.33]
	at org.apache.tomcat.util.net.NioEndpoint$SocketProcessor.doRun(NioEndpoint.java:1502) [tomcat-embed-core-8.0.33.jar:8.0.33]
	at org.apache.tomcat.util.net.NioEndpoint$SocketProcessor.run(NioEndpoint.java:1458) [tomcat-embed-core-8.0.33.jar:8.0.33]
	at java.util.concurrent.ThreadPoolExecutor.runWorker(ThreadPoolExecutor.java:1142) [na:1.8.0_45]
	at java.util.concurrent.ThreadPoolExecutor$Worker.run(ThreadPoolExecutor.java:617) [na:1.8.0_45]
	at org.apache.tomcat.util.threads.TaskThread$WrappingRunnable.run(TaskThread.java:61) [tomcat-embed-core-8.0.33.jar:8.0.33]
	at java.lang.Thread.run(Thread.java:745) [na:1.8.0_45]

2016-12-03 14:01:35.370  INFO 7453 --- [Thread-2] ationConfigEmbeddedWebApplicationContext : Closing org.springframework.boot.context.embedded.AnnotationConfigEmbeddedWebApplicationContext@47d90b9e: startup date [Sat Dec 03 14:00:31 CST 2016]; root of context hierarchy
2016-12-03 14:01:35.373  INFO 7453 --- [Thread-2] o.s.c.support.DefaultLifecycleProcessor  : Stopping beans in phase 0
2016-12-03 14:01:35.380  INFO 7453 --- [Thread-2] o.s.j.e.a.AnnotationMBeanExporter        : Unregistering JMX-exposed beans on shutdown
2016-12-03 14:04:08.943  INFO 7486 --- [main] com.bao.MsDuminjunApplication            : Starting MsDuminjunApplication on hanruofeideMBP.lan with PID 7486 (/Users/hanruofei/Documents/code_github/aixuManager/target/classes started by hanruofei in /Users/hanruofei/Documents/code_github/aixuManager)
2016-12-03 14:04:08.956  INFO 7486 --- [main] com.bao.MsDuminjunApplication            : No active profile set, falling back to default profiles: default
2016-12-03 14:04:09.092  INFO 7486 --- [main] ationConfigEmbeddedWebApplicationContext : Refreshing org.springframework.boot.context.embedded.AnnotationConfigEmbeddedWebApplicationContext@47d90b9e: startup date [Sat Dec 03 14:04:09 CST 2016]; root of context hierarchy
2016-12-03 14:04:11.340  WARN 7486 --- [main] o.m.s.mapper.ClassPathMapperScanner      : No MyBatis mapper was found in '[com.bao]' package. Please check your configuration.
2016-12-03 14:04:12.002  INFO 7486 --- [main] trationDelegate$BeanPostProcessorChecker : Bean 'org.springframework.transaction.annotation.ProxyTransactionManagementConfiguration' of type [class org.springframework.transaction.annotation.ProxyTransactionManagementConfiguration$$EnhancerBySpringCGLIB$$3c6895f8] is not eligible for getting processed by all BeanPostProcessors (for example: not eligible for auto-proxying)
2016-12-03 14:04:13.013  INFO 7486 --- [main] s.b.c.e.t.TomcatEmbeddedServletContainer : Tomcat initialized with port(s): 8080 (http)
2016-12-03 14:04:13.032  INFO 7486 --- [main] o.apache.catalina.core.StandardService   : Starting service Tomcat
2016-12-03 14:04:13.033  INFO 7486 --- [main] org.apache.catalina.core.StandardEngine  : Starting Servlet Engine: Apache Tomcat/8.0.33
2016-12-03 14:04:13.226  INFO 7486 --- [localhost-startStop-1] o.a.c.c.C.[Tomcat].[localhost].[/]       : Initializing Spring embedded WebApplicationContext
2016-12-03 14:04:13.227  INFO 7486 --- [localhost-startStop-1] o.s.web.context.ContextLoader            : Root WebApplicationContext: initialization completed in 4146 ms
2016-12-03 14:04:13.957  INFO 7486 --- [localhost-startStop-1] o.s.b.c.e.ServletRegistrationBean        : Mapping servlet: 'dispatcherServlet' to [/]
2016-12-03 14:04:13.963  INFO 7486 --- [localhost-startStop-1] o.s.b.c.embedded.FilterRegistrationBean  : Mapping filter: 'metricFilter' to: [/*]
2016-12-03 14:04:13.963  INFO 7486 --- [localhost-startStop-1] o.s.b.c.embedded.FilterRegistrationBean  : Mapping filter: 'characterEncodingFilter' to: [/*]
2016-12-03 14:04:13.964  INFO 7486 --- [localhost-startStop-1] o.s.b.c.embedded.FilterRegistrationBean  : Mapping filter: 'hiddenHttpMethodFilter' to: [/*]
2016-12-03 14:04:13.964  INFO 7486 --- [localhost-startStop-1] o.s.b.c.embedded.FilterRegistrationBean  : Mapping filter: 'httpPutFormContentFilter' to: [/*]
2016-12-03 14:04:13.964  INFO 7486 --- [localhost-startStop-1] o.s.b.c.embedded.FilterRegistrationBean  : Mapping filter: 'requestContextFilter' to: [/*]
2016-12-03 14:04:13.964  INFO 7486 --- [localhost-startStop-1] o.s.b.c.embedded.FilterRegistrationBean  : Mapping filter: 'webRequestLoggingFilter' to: [/*]
2016-12-03 14:04:13.964  INFO 7486 --- [localhost-startStop-1] o.s.b.c.embedded.FilterRegistrationBean  : Mapping filter: 'simpleCORSFilter' to: [/*]
2016-12-03 14:04:13.964  INFO 7486 --- [localhost-startStop-1] o.s.b.c.embedded.FilterRegistrationBean  : Mapping filter: 'applicationContextIdFilter' to: [/*]
2016-12-03 14:04:14.757  INFO 7486 --- [main] s.w.s.m.m.a.RequestMappingHandlerAdapter : Looking for @ControllerAdvice: org.springframework.boot.context.embedded.AnnotationConfigEmbeddedWebApplicationContext@47d90b9e: startup date [Sat Dec 03 14:04:09 CST 2016]; root of context hierarchy
2016-12-03 14:04:14.854  INFO 7486 --- [main] s.w.s.m.m.a.RequestMappingHandlerMapping : Mapped "{[/product/all],methods=[GET]}" onto public java.util.List<com.bao.model.Product> com.bao.controller.ProductController.getInfo()
2016-12-03 14:04:14.858  INFO 7486 --- [main] s.w.s.m.m.a.RequestMappingHandlerMapping : Mapped "{[/error]}" onto public org.springframework.http.ResponseEntity<java.util.Map<java.lang.String, java.lang.Object>> org.springframework.boot.autoconfigure.web.BasicErrorController.error(javax.servlet.http.HttpServletRequest)
2016-12-03 14:04:14.859  INFO 7486 --- [main] s.w.s.m.m.a.RequestMappingHandlerMapping : Mapped "{[/error],produces=[text/html]}" onto public org.springframework.web.servlet.ModelAndView org.springframework.boot.autoconfigure.web.BasicErrorController.errorHtml(javax.servlet.http.HttpServletRequest,javax.servlet.http.HttpServletResponse)
2016-12-03 14:04:14.902  INFO 7486 --- [main] o.s.w.s.handler.SimpleUrlHandlerMapping  : Mapped URL path [/webjars/**] onto handler of type [class org.springframework.web.servlet.resource.ResourceHttpRequestHandler]
2016-12-03 14:04:14.903  INFO 7486 --- [main] o.s.w.s.handler.SimpleUrlHandlerMapping  : Mapped URL path [/**] onto handler of type [class org.springframework.web.servlet.resource.ResourceHttpRequestHandler]
2016-12-03 14:04:14.987  INFO 7486 --- [main] o.s.w.s.handler.SimpleUrlHandlerMapping  : Mapped URL path [/**/favicon.ico] onto handler of type [class org.springframework.web.servlet.resource.ResourceHttpRequestHandler]
2016-12-03 14:04:15.738  INFO 7486 --- [main] o.s.b.a.e.mvc.EndpointHandlerMapping     : Mapped "{[/mappings || /mappings.json],methods=[GET],produces=[application/json]}" onto public java.lang.Object org.springframework.boot.actuate.endpoint.mvc.EndpointMvcAdapter.invoke()
2016-12-03 14:04:15.746  INFO 7486 --- [main] o.s.b.a.e.mvc.EndpointHandlerMapping     : Mapped "{[/env/{name:.*}],methods=[GET],produces=[application/json]}" onto public java.lang.Object org.springframework.boot.actuate.endpoint.mvc.EnvironmentMvcEndpoint.value(java.lang.String)
2016-12-03 14:04:15.749  INFO 7486 --- [main] o.s.b.a.e.mvc.EndpointHandlerMapping     : Mapped "{[/env || /env.json],methods=[GET],produces=[application/json]}" onto public java.lang.Object org.springframework.boot.actuate.endpoint.mvc.EndpointMvcAdapter.invoke()
2016-12-03 14:04:15.753  INFO 7486 --- [main] o.s.b.a.e.mvc.EndpointHandlerMapping     : Mapped "{[/info || /info.json],methods=[GET],produces=[application/json]}" onto public java.lang.Object org.springframework.boot.actuate.endpoint.mvc.EndpointMvcAdapter.invoke()
2016-12-03 14:04:15.755  INFO 7486 --- [main] o.s.b.a.e.mvc.EndpointHandlerMapping     : Mapped "{[/dump || /dump.json],methods=[GET],produces=[application/json]}" onto public java.lang.Object org.springframework.boot.actuate.endpoint.mvc.EndpointMvcAdapter.invoke()
2016-12-03 14:04:15.763  INFO 7486 --- [main] o.s.b.a.e.mvc.EndpointHandlerMapping     : Mapped "{[/health || /health.json],produces=[application/json]}" onto public java.lang.Object org.springframework.boot.actuate.endpoint.mvc.HealthMvcEndpoint.invoke(java.security.Principal)
2016-12-03 14:04:15.765  INFO 7486 --- [main] o.s.b.a.e.mvc.EndpointHandlerMapping     : Mapped "{[/logfile || /logfile.json],methods=[GET || HEAD]}" onto public void org.springframework.boot.actuate.endpoint.mvc.LogFileMvcEndpoint.invoke(javax.servlet.http.HttpServletRequest,javax.servlet.http.HttpServletResponse) throws javax.servlet.ServletException,java.io.IOException
2016-12-03 14:04:15.767  INFO 7486 --- [main] o.s.b.a.e.mvc.EndpointHandlerMapping     : Mapped "{[/beans || /beans.json],methods=[GET],produces=[application/json]}" onto public java.lang.Object org.springframework.boot.actuate.endpoint.mvc.EndpointMvcAdapter.invoke()
2016-12-03 14:04:15.769  INFO 7486 --- [main] o.s.b.a.e.mvc.EndpointHandlerMapping     : Mapped "{[/autoconfig || /autoconfig.json],methods=[GET],produces=[application/json]}" onto public java.lang.Object org.springframework.boot.actuate.endpoint.mvc.EndpointMvcAdapter.invoke()
2016-12-03 14:04:15.776  INFO 7486 --- [main] o.s.b.a.e.mvc.EndpointHandlerMapping     : Mapped "{[/metrics/{name:.*}],methods=[GET],produces=[application/json]}" onto public java.lang.Object org.springframework.boot.actuate.endpoint.mvc.MetricsMvcEndpoint.value(java.lang.String)
2016-12-03 14:04:15.777  INFO 7486 --- [main] o.s.b.a.e.mvc.EndpointHandlerMapping     : Mapped "{[/metrics || /metrics.json],methods=[GET],produces=[application/json]}" onto public java.lang.Object org.springframework.boot.actuate.endpoint.mvc.EndpointMvcAdapter.invoke()
2016-12-03 14:04:15.782  INFO 7486 --- [main] o.s.b.a.e.mvc.EndpointHandlerMapping     : Mapped "{[/configprops || /configprops.json],methods=[GET],produces=[application/json]}" onto public java.lang.Object org.springframework.boot.actuate.endpoint.mvc.EndpointMvcAdapter.invoke()
2016-12-03 14:04:15.784  INFO 7486 --- [main] o.s.b.a.e.mvc.EndpointHandlerMapping     : Mapped "{[/trace || /trace.json],methods=[GET],produces=[application/json]}" onto public java.lang.Object org.springframework.boot.actuate.endpoint.mvc.EndpointMvcAdapter.invoke()
2016-12-03 14:04:16.110  INFO 7486 --- [main] o.s.j.e.a.AnnotationMBeanExporter        : Registering beans for JMX exposure on startup
2016-12-03 14:04:16.139  INFO 7486 --- [main] o.s.c.support.DefaultLifecycleProcessor  : Starting beans in phase 0
2016-12-03 14:04:16.403  INFO 7486 --- [main] s.b.c.e.t.TomcatEmbeddedServletContainer : Tomcat started on port(s): 8080 (http)
2016-12-03 14:04:16.410  INFO 7486 --- [main] com.bao.MsDuminjunApplication            : Started MsDuminjunApplication in 8.696 seconds (JVM running for 9.745)
2016-12-03 14:04:25.442  INFO 7486 --- [http-nio-8080-exec-1] o.a.c.c.C.[Tomcat].[localhost].[/]       : Initializing Spring FrameworkServlet 'dispatcherServlet'
2016-12-03 14:04:25.443  INFO 7486 --- [http-nio-8080-exec-1] o.s.web.servlet.DispatcherServlet        : FrameworkServlet 'dispatcherServlet': initialization started
2016-12-03 14:04:25.465  INFO 7486 --- [http-nio-8080-exec-1] o.s.web.servlet.DispatcherServlet        : FrameworkServlet 'dispatcherServlet': initialization completed in 22 ms
2016-12-03 14:05:41.840  INFO 7486 --- [Thread-2] ationConfigEmbeddedWebApplicationContext : Closing org.springframework.boot.context.embedded.AnnotationConfigEmbeddedWebApplicationContext@47d90b9e: startup date [Sat Dec 03 14:04:09 CST 2016]; root of context hierarchy
2016-12-03 14:05:41.844  INFO 7486 --- [Thread-2] o.s.c.support.DefaultLifecycleProcessor  : Stopping beans in phase 0
2016-12-03 14:05:41.850  INFO 7486 --- [Thread-2] o.s.j.e.a.AnnotationMBeanExporter        : Unregistering JMX-exposed beans on shutdown
2016-12-03 14:09:56.993  INFO 7500 --- [main] com.bao.MsDuminjunApplication            : Starting MsDuminjunApplication on hanruofeideMBP.lan with PID 7500 (/Users/hanruofei/Documents/code_github/aixuManager/target/classes started by hanruofei in /Users/hanruofei/Documents/code_github/aixuManager)
2016-12-03 14:09:57.008  INFO 7500 --- [main] com.bao.MsDuminjunApplication            : No active profile set, falling back to default profiles: default
2016-12-03 14:09:57.130  INFO 7500 --- [main] ationConfigEmbeddedWebApplicationContext : Refreshing org.springframework.boot.context.embedded.AnnotationConfigEmbeddedWebApplicationContext@47d90b9e: startup date [Sat Dec 03 14:09:57 CST 2016]; root of context hierarchy
2016-12-03 14:09:59.415  WARN 7500 --- [main] o.m.s.mapper.ClassPathMapperScanner      : No MyBatis mapper was found in '[com.bao]' package. Please check your configuration.
2016-12-03 14:10:00.354  INFO 7500 --- [main] trationDelegate$BeanPostProcessorChecker : Bean 'org.springframework.transaction.annotation.ProxyTransactionManagementConfiguration' of type [class org.springframework.transaction.annotation.ProxyTransactionManagementConfiguration$$EnhancerBySpringCGLIB$$3c6895f8] is not eligible for getting processed by all BeanPostProcessors (for example: not eligible for auto-proxying)
2016-12-03 14:10:01.316  INFO 7500 --- [main] s.b.c.e.t.TomcatEmbeddedServletContainer : Tomcat initialized with port(s): 8080 (http)
2016-12-03 14:10:01.340  INFO 7500 --- [main] o.apache.catalina.core.StandardService   : Starting service Tomcat
2016-12-03 14:10:01.341  INFO 7500 --- [main] org.apache.catalina.core.StandardEngine  : Starting Servlet Engine: Apache Tomcat/8.0.33
2016-12-03 14:10:01.499  INFO 7500 --- [localhost-startStop-1] o.a.c.c.C.[Tomcat].[localhost].[/]       : Initializing Spring embedded WebApplicationContext
2016-12-03 14:10:01.499  INFO 7500 --- [localhost-startStop-1] o.s.web.context.ContextLoader            : Root WebApplicationContext: initialization completed in 4373 ms
2016-12-03 14:10:02.181  INFO 7500 --- [localhost-startStop-1] o.s.b.c.e.ServletRegistrationBean        : Mapping servlet: 'dispatcherServlet' to [/]
2016-12-03 14:10:02.197  INFO 7500 --- [localhost-startStop-1] o.s.b.c.embedded.FilterRegistrationBean  : Mapping filter: 'metricFilter' to: [/*]
2016-12-03 14:10:02.198  INFO 7500 --- [localhost-startStop-1] o.s.b.c.embedded.FilterRegistrationBean  : Mapping filter: 'characterEncodingFilter' to: [/*]
2016-12-03 14:10:02.198  INFO 7500 --- [localhost-startStop-1] o.s.b.c.embedded.FilterRegistrationBean  : Mapping filter: 'hiddenHttpMethodFilter' to: [/*]
2016-12-03 14:10:02.199  INFO 7500 --- [localhost-startStop-1] o.s.b.c.embedded.FilterRegistrationBean  : Mapping filter: 'httpPutFormContentFilter' to: [/*]
2016-12-03 14:10:02.199  INFO 7500 --- [localhost-startStop-1] o.s.b.c.embedded.FilterRegistrationBean  : Mapping filter: 'requestContextFilter' to: [/*]
2016-12-03 14:10:02.199  INFO 7500 --- [localhost-startStop-1] o.s.b.c.embedded.FilterRegistrationBean  : Mapping filter: 'webRequestLoggingFilter' to: [/*]
2016-12-03 14:10:02.199  INFO 7500 --- [localhost-startStop-1] o.s.b.c.embedded.FilterRegistrationBean  : Mapping filter: 'simpleCORSFilter' to: [/*]
2016-12-03 14:10:02.200  INFO 7500 --- [localhost-startStop-1] o.s.b.c.embedded.FilterRegistrationBean  : Mapping filter: 'applicationContextIdFilter' to: [/*]
2016-12-03 14:10:14.283  INFO 7505 --- [main] com.bao.MsDuminjunApplication            : Starting MsDuminjunApplication on hanruofeideMBP.lan with PID 7505 (/Users/hanruofei/Documents/code_github/aixuManager/target/classes started by hanruofei in /Users/hanruofei/Documents/code_github/aixuManager)
2016-12-03 14:10:14.287  INFO 7505 --- [main] com.bao.MsDuminjunApplication            : No active profile set, falling back to default profiles: default
2016-12-03 14:10:14.503  INFO 7505 --- [main] ationConfigEmbeddedWebApplicationContext : Refreshing org.springframework.boot.context.embedded.AnnotationConfigEmbeddedWebApplicationContext@47d90b9e: startup date [Sat Dec 03 14:10:14 CST 2016]; root of context hierarchy
2016-12-03 14:10:16.561  WARN 7505 --- [main] o.m.s.mapper.ClassPathMapperScanner      : No MyBatis mapper was found in '[com.bao]' package. Please check your configuration.
2016-12-03 14:10:17.270  INFO 7505 --- [main] trationDelegate$BeanPostProcessorChecker : Bean 'org.springframework.transaction.annotation.ProxyTransactionManagementConfiguration' of type [class org.springframework.transaction.annotation.ProxyTransactionManagementConfiguration$$EnhancerBySpringCGLIB$$3c6895f8] is not eligible for getting processed by all BeanPostProcessors (for example: not eligible for auto-proxying)
2016-12-03 14:10:17.798  INFO 7505 --- [main] s.b.c.e.t.TomcatEmbeddedServletContainer : Tomcat initialized with port(s): 8080 (http)
2016-12-03 14:10:17.816  INFO 7505 --- [main] o.apache.catalina.core.StandardService   : Starting service Tomcat
2016-12-03 14:10:17.819  INFO 7505 --- [main] org.apache.catalina.core.StandardEngine  : Starting Servlet Engine: Apache Tomcat/8.0.33
2016-12-03 14:10:17.951  INFO 7505 --- [localhost-startStop-1] o.a.c.c.C.[Tomcat].[localhost].[/]       : Initializing Spring embedded WebApplicationContext
2016-12-03 14:10:17.951  INFO 7505 --- [localhost-startStop-1] o.s.web.context.ContextLoader            : Root WebApplicationContext: initialization completed in 3456 ms
2016-12-03 14:10:18.475  INFO 7505 --- [localhost-startStop-1] o.s.b.c.e.ServletRegistrationBean        : Mapping servlet: 'dispatcherServlet' to [/]
2016-12-03 14:10:18.480  INFO 7505 --- [localhost-startStop-1] o.s.b.c.embedded.FilterRegistrationBean  : Mapping filter: 'metricFilter' to: [/*]
2016-12-03 14:10:18.481  INFO 7505 --- [localhost-startStop-1] o.s.b.c.embedded.FilterRegistrationBean  : Mapping filter: 'characterEncodingFilter' to: [/*]
2016-12-03 14:10:18.482  INFO 7505 --- [localhost-startStop-1] o.s.b.c.embedded.FilterRegistrationBean  : Mapping filter: 'hiddenHttpMethodFilter' to: [/*]
2016-12-03 14:10:18.482  INFO 7505 --- [localhost-startStop-1] o.s.b.c.embedded.FilterRegistrationBean  : Mapping filter: 'httpPutFormContentFilter' to: [/*]
2016-12-03 14:10:18.482  INFO 7505 --- [localhost-startStop-1] o.s.b.c.embedded.FilterRegistrationBean  : Mapping filter: 'requestContextFilter' to: [/*]
2016-12-03 14:10:18.482  INFO 7505 --- [localhost-startStop-1] o.s.b.c.embedded.FilterRegistrationBean  : Mapping filter: 'webRequestLoggingFilter' to: [/*]
2016-12-03 14:10:18.483  INFO 7505 --- [localhost-startStop-1] o.s.b.c.embedded.FilterRegistrationBean  : Mapping filter: 'simpleCORSFilter' to: [/*]
2016-12-03 14:10:18.483  INFO 7505 --- [localhost-startStop-1] o.s.b.c.embedded.FilterRegistrationBean  : Mapping filter: 'applicationContextIdFilter' to: [/*]
2016-12-03 14:10:19.388  INFO 7505 --- [main] s.w.s.m.m.a.RequestMappingHandlerAdapter : Looking for @ControllerAdvice: org.springframework.boot.context.embedded.AnnotationConfigEmbeddedWebApplicationContext@47d90b9e: startup date [Sat Dec 03 14:10:14 CST 2016]; root of context hierarchy
2016-12-03 14:10:19.480  INFO 7505 --- [main] s.w.s.m.m.a.RequestMappingHandlerMapping : Mapped "{[/product/all],methods=[GET]}" onto public java.util.List<com.bao.model.Product> com.bao.controller.ProductController.getInfo()
2016-12-03 14:10:19.486  INFO 7505 --- [main] s.w.s.m.m.a.RequestMappingHandlerMapping : Mapped "{[/error]}" onto public org.springframework.http.ResponseEntity<java.util.Map<java.lang.String, java.lang.Object>> org.springframework.boot.autoconfigure.web.BasicErrorController.error(javax.servlet.http.HttpServletRequest)
2016-12-03 14:10:19.487  INFO 7505 --- [main] s.w.s.m.m.a.RequestMappingHandlerMapping : Mapped "{[/error],produces=[text/html]}" onto public org.springframework.web.servlet.ModelAndView org.springframework.boot.autoconfigure.web.BasicErrorController.errorHtml(javax.servlet.http.HttpServletRequest,javax.servlet.http.HttpServletResponse)
2016-12-03 14:10:19.575  INFO 7505 --- [main] o.s.w.s.handler.SimpleUrlHandlerMapping  : Mapped URL path [/webjars/**] onto handler of type [class org.springframework.web.servlet.resource.ResourceHttpRequestHandler]
2016-12-03 14:10:19.576  INFO 7505 --- [main] o.s.w.s.handler.SimpleUrlHandlerMapping  : Mapped URL path [/**] onto handler of type [class org.springframework.web.servlet.resource.ResourceHttpRequestHandler]
2016-12-03 14:10:19.649  INFO 7505 --- [main] o.s.w.s.handler.SimpleUrlHandlerMapping  : Mapped URL path [/**/favicon.ico] onto handler of type [class org.springframework.web.servlet.resource.ResourceHttpRequestHandler]
2016-12-03 14:10:20.144  INFO 7505 --- [main] o.s.b.a.e.mvc.EndpointHandlerMapping     : Mapped "{[/trace || /trace.json],methods=[GET],produces=[application/json]}" onto public java.lang.Object org.springframework.boot.actuate.endpoint.mvc.EndpointMvcAdapter.invoke()
2016-12-03 14:10:20.145  INFO 7505 --- [main] o.s.b.a.e.mvc.EndpointHandlerMapping     : Mapped "{[/configprops || /configprops.json],methods=[GET],produces=[application/json]}" onto public java.lang.Object org.springframework.boot.actuate.endpoint.mvc.EndpointMvcAdapter.invoke()
2016-12-03 14:10:20.146  INFO 7505 --- [main] o.s.b.a.e.mvc.EndpointHandlerMapping     : Mapped "{[/logfile || /logfile.json],methods=[GET || HEAD]}" onto public void org.springframework.boot.actuate.endpoint.mvc.LogFileMvcEndpoint.invoke(javax.servlet.http.HttpServletRequest,javax.servlet.http.HttpServletResponse) throws javax.servlet.ServletException,java.io.IOException
2016-12-03 14:10:20.147  INFO 7505 --- [main] o.s.b.a.e.mvc.EndpointHandlerMapping     : Mapped "{[/dump || /dump.json],methods=[GET],produces=[application/json]}" onto public java.lang.Object org.springframework.boot.actuate.endpoint.mvc.EndpointMvcAdapter.invoke()
2016-12-03 14:10:20.150  INFO 7505 --- [main] o.s.b.a.e.mvc.EndpointHandlerMapping     : Mapped "{[/metrics/{name:.*}],methods=[GET],produces=[application/json]}" onto public java.lang.Object org.springframework.boot.actuate.endpoint.mvc.MetricsMvcEndpoint.value(java.lang.String)
2016-12-03 14:10:20.150  INFO 7505 --- [main] o.s.b.a.e.mvc.EndpointHandlerMapping     : Mapped "{[/metrics || /metrics.json],methods=[GET],produces=[application/json]}" onto public java.lang.Object org.springframework.boot.actuate.endpoint.mvc.EndpointMvcAdapter.invoke()
2016-12-03 14:10:20.151  INFO 7505 --- [main] o.s.b.a.e.mvc.EndpointHandlerMapping     : Mapped "{[/info || /info.json],methods=[GET],produces=[application/json]}" onto public java.lang.Object org.springframework.boot.actuate.endpoint.mvc.EndpointMvcAdapter.invoke()
2016-12-03 14:10:20.151  INFO 7505 --- [main] o.s.b.a.e.mvc.EndpointHandlerMapping     : Mapped "{[/beans || /beans.json],methods=[GET],produces=[application/json]}" onto public java.lang.Object org.springframework.boot.actuate.endpoint.mvc.EndpointMvcAdapter.invoke()
2016-12-03 14:10:20.152  INFO 7505 --- [main] o.s.b.a.e.mvc.EndpointHandlerMapping     : Mapped "{[/mappings || /mappings.json],methods=[GET],produces=[application/json]}" onto public java.lang.Object org.springframework.boot.actuate.endpoint.mvc.EndpointMvcAdapter.invoke()
2016-12-03 14:10:20.154  INFO 7505 --- [main] o.s.b.a.e.mvc.EndpointHandlerMapping     : Mapped "{[/env/{name:.*}],methods=[GET],produces=[application/json]}" onto public java.lang.Object org.springframework.boot.actuate.endpoint.mvc.EnvironmentMvcEndpoint.value(java.lang.String)
2016-12-03 14:10:20.155  INFO 7505 --- [main] o.s.b.a.e.mvc.EndpointHandlerMapping     : Mapped "{[/env || /env.json],methods=[GET],produces=[application/json]}" onto public java.lang.Object org.springframework.boot.actuate.endpoint.mvc.EndpointMvcAdapter.invoke()
2016-12-03 14:10:20.156  INFO 7505 --- [main] o.s.b.a.e.mvc.EndpointHandlerMapping     : Mapped "{[/health || /health.json],produces=[application/json]}" onto public java.lang.Object org.springframework.boot.actuate.endpoint.mvc.HealthMvcEndpoint.invoke(java.security.Principal)
2016-12-03 14:10:20.157  INFO 7505 --- [main] o.s.b.a.e.mvc.EndpointHandlerMapping     : Mapped "{[/autoconfig || /autoconfig.json],methods=[GET],produces=[application/json]}" onto public java.lang.Object org.springframework.boot.actuate.endpoint.mvc.EndpointMvcAdapter.invoke()
2016-12-03 14:10:20.328  INFO 7505 --- [main] o.s.j.e.a.AnnotationMBeanExporter        : Registering beans for JMX exposure on startup
2016-12-03 14:10:20.340  INFO 7505 --- [main] o.s.c.support.DefaultLifecycleProcessor  : Starting beans in phase 0
2016-12-03 14:10:20.580  INFO 7505 --- [main] s.b.c.e.t.TomcatEmbeddedServletContainer : Tomcat started on port(s): 8080 (http)
2016-12-03 14:10:20.587  INFO 7505 --- [main] com.bao.MsDuminjunApplication            : Started MsDuminjunApplication in 7.35 seconds (JVM running for 8.341)
2016-12-03 14:10:29.161  INFO 7505 --- [Thread-2] ationConfigEmbeddedWebApplicationContext : Closing org.springframework.boot.context.embedded.AnnotationConfigEmbeddedWebApplicationContext@47d90b9e: startup date [Sat Dec 03 14:10:14 CST 2016]; root of context hierarchy
2016-12-03 14:10:29.163  INFO 7505 --- [Thread-2] o.s.c.support.DefaultLifecycleProcessor  : Stopping beans in phase 0
2016-12-03 14:10:29.170  INFO 7505 --- [Thread-2] o.s.j.e.a.AnnotationMBeanExporter        : Unregistering JMX-exposed beans on shutdown
2016-12-03 14:10:40.399  INFO 7512 --- [main] com.bao.MsDuminjunApplication            : Starting MsDuminjunApplication on hanruofeideMBP.lan with PID 7512 (/Users/hanruofei/Documents/code_github/aixuManager/target/classes started by hanruofei in /Users/hanruofei/Documents/code_github/aixuManager)
2016-12-03 14:10:40.407  INFO 7512 --- [main] com.bao.MsDuminjunApplication            : No active profile set, falling back to default profiles: default
2016-12-03 14:10:40.573  INFO 7512 --- [main] ationConfigEmbeddedWebApplicationContext : Refreshing org.springframework.boot.context.embedded.AnnotationConfigEmbeddedWebApplicationContext@47d90b9e: startup date [Sat Dec 03 14:10:40 CST 2016]; root of context hierarchy
2016-12-03 14:10:42.220  WARN 7512 --- [main] o.m.s.mapper.ClassPathMapperScanner      : No MyBatis mapper was found in '[com.bao]' package. Please check your configuration.
2016-12-03 14:10:42.792  INFO 7512 --- [main] trationDelegate$BeanPostProcessorChecker : Bean 'org.springframework.transaction.annotation.ProxyTransactionManagementConfiguration' of type [class org.springframework.transaction.annotation.ProxyTransactionManagementConfiguration$$EnhancerBySpringCGLIB$$3c6895f8] is not eligible for getting processed by all BeanPostProcessors (for example: not eligible for auto-proxying)
2016-12-03 14:10:43.267  INFO 7512 --- [main] s.b.c.e.t.TomcatEmbeddedServletContainer : Tomcat initialized with port(s): 8080 (http)
2016-12-03 14:10:43.286  INFO 7512 --- [main] o.apache.catalina.core.StandardService   : Starting service Tomcat
2016-12-03 14:10:43.287  INFO 7512 --- [main] org.apache.catalina.core.StandardEngine  : Starting Servlet Engine: Apache Tomcat/8.0.33
2016-12-03 14:10:43.402  INFO 7512 --- [localhost-startStop-1] o.a.c.c.C.[Tomcat].[localhost].[/]       : Initializing Spring embedded WebApplicationContext
2016-12-03 14:10:43.403  INFO 7512 --- [localhost-startStop-1] o.s.web.context.ContextLoader            : Root WebApplicationContext: initialization completed in 2847 ms
2016-12-03 14:10:43.865  INFO 7512 --- [localhost-startStop-1] o.s.b.c.e.ServletRegistrationBean        : Mapping servlet: 'dispatcherServlet' to [/]
2016-12-03 14:10:43.871  INFO 7512 --- [localhost-startStop-1] o.s.b.c.embedded.FilterRegistrationBean  : Mapping filter: 'metricFilter' to: [/*]
2016-12-03 14:10:43.871  INFO 7512 --- [localhost-startStop-1] o.s.b.c.embedded.FilterRegistrationBean  : Mapping filter: 'characterEncodingFilter' to: [/*]
2016-12-03 14:10:43.871  INFO 7512 --- [localhost-startStop-1] o.s.b.c.embedded.FilterRegistrationBean  : Mapping filter: 'hiddenHttpMethodFilter' to: [/*]
2016-12-03 14:10:43.872  INFO 7512 --- [localhost-startStop-1] o.s.b.c.embedded.FilterRegistrationBean  : Mapping filter: 'httpPutFormContentFilter' to: [/*]
2016-12-03 14:10:43.872  INFO 7512 --- [localhost-startStop-1] o.s.b.c.embedded.FilterRegistrationBean  : Mapping filter: 'requestContextFilter' to: [/*]
2016-12-03 14:10:43.872  INFO 7512 --- [localhost-startStop-1] o.s.b.c.embedded.FilterRegistrationBean  : Mapping filter: 'webRequestLoggingFilter' to: [/*]
2016-12-03 14:10:43.873  INFO 7512 --- [localhost-startStop-1] o.s.b.c.embedded.FilterRegistrationBean  : Mapping filter: 'simpleCORSFilter' to: [/*]
2016-12-03 14:10:43.873  INFO 7512 --- [localhost-startStop-1] o.s.b.c.embedded.FilterRegistrationBean  : Mapping filter: 'applicationContextIdFilter' to: [/*]
2016-12-03 14:10:44.621  INFO 7512 --- [main] s.w.s.m.m.a.RequestMappingHandlerAdapter : Looking for @ControllerAdvice: org.springframework.boot.context.embedded.AnnotationConfigEmbeddedWebApplicationContext@47d90b9e: startup date [Sat Dec 03 14:10:40 CST 2016]; root of context hierarchy
2016-12-03 14:10:44.723  INFO 7512 --- [main] s.w.s.m.m.a.RequestMappingHandlerMapping : Mapped "{[/product/all],methods=[GET]}" onto public java.util.List<com.bao.model.Product> com.bao.controller.ProductController.getInfo()
2016-12-03 14:10:44.727  INFO 7512 --- [main] s.w.s.m.m.a.RequestMappingHandlerMapping : Mapped "{[/error]}" onto public org.springframework.http.ResponseEntity<java.util.Map<java.lang.String, java.lang.Object>> org.springframework.boot.autoconfigure.web.BasicErrorController.error(javax.servlet.http.HttpServletRequest)
2016-12-03 14:10:44.728  INFO 7512 --- [main] s.w.s.m.m.a.RequestMappingHandlerMapping : Mapped "{[/error],produces=[text/html]}" onto public org.springframework.web.servlet.ModelAndView org.springframework.boot.autoconfigure.web.BasicErrorController.errorHtml(javax.servlet.http.HttpServletRequest,javax.servlet.http.HttpServletResponse)
2016-12-03 14:10:44.772  INFO 7512 --- [main] o.s.w.s.handler.SimpleUrlHandlerMapping  : Mapped URL path [/webjars/**] onto handler of type [class org.springframework.web.servlet.resource.ResourceHttpRequestHandler]
2016-12-03 14:10:44.772  INFO 7512 --- [main] o.s.w.s.handler.SimpleUrlHandlerMapping  : Mapped URL path [/**] onto handler of type [class org.springframework.web.servlet.resource.ResourceHttpRequestHandler]
2016-12-03 14:10:44.814  INFO 7512 --- [main] o.s.w.s.handler.SimpleUrlHandlerMapping  : Mapped URL path [/**/favicon.ico] onto handler of type [class org.springframework.web.servlet.resource.ResourceHttpRequestHandler]
2016-12-03 14:10:45.277  INFO 7512 --- [main] o.s.b.a.e.mvc.EndpointHandlerMapping     : Mapped "{[/health || /health.json],produces=[application/json]}" onto public java.lang.Object org.springframework.boot.actuate.endpoint.mvc.HealthMvcEndpoint.invoke(java.security.Principal)
2016-12-03 14:10:45.278  INFO 7512 --- [main] o.s.b.a.e.mvc.EndpointHandlerMapping     : Mapped "{[/beans || /beans.json],methods=[GET],produces=[application/json]}" onto public java.lang.Object org.springframework.boot.actuate.endpoint.mvc.EndpointMvcAdapter.invoke()
2016-12-03 14:10:45.279  INFO 7512 --- [main] o.s.b.a.e.mvc.EndpointHandlerMapping     : Mapped "{[/autoconfig || /autoconfig.json],methods=[GET],produces=[application/json]}" onto public java.lang.Object org.springframework.boot.actuate.endpoint.mvc.EndpointMvcAdapter.invoke()
2016-12-03 14:10:45.280  INFO 7512 --- [main] o.s.b.a.e.mvc.EndpointHandlerMapping     : Mapped "{[/configprops || /configprops.json],methods=[GET],produces=[application/json]}" onto public java.lang.Object org.springframework.boot.actuate.endpoint.mvc.EndpointMvcAdapter.invoke()
2016-12-03 14:10:45.281  INFO 7512 --- [main] o.s.b.a.e.mvc.EndpointHandlerMapping     : Mapped "{[/mappings || /mappings.json],methods=[GET],produces=[application/json]}" onto public java.lang.Object org.springframework.boot.actuate.endpoint.mvc.EndpointMvcAdapter.invoke()
2016-12-03 14:10:45.286  INFO 7512 --- [main] o.s.b.a.e.mvc.EndpointHandlerMapping     : Mapped "{[/trace || /trace.json],methods=[GET],produces=[application/json]}" onto public java.lang.Object org.springframework.boot.actuate.endpoint.mvc.EndpointMvcAdapter.invoke()
2016-12-03 14:10:45.288  INFO 7512 --- [main] o.s.b.a.e.mvc.EndpointHandlerMapping     : Mapped "{[/dump || /dump.json],methods=[GET],produces=[application/json]}" onto public java.lang.Object org.springframework.boot.actuate.endpoint.mvc.EndpointMvcAdapter.invoke()
2016-12-03 14:10:45.290  INFO 7512 --- [main] o.s.b.a.e.mvc.EndpointHandlerMapping     : Mapped "{[/env/{name:.*}],methods=[GET],produces=[application/json]}" onto public java.lang.Object org.springframework.boot.actuate.endpoint.mvc.EnvironmentMvcEndpoint.value(java.lang.String)
2016-12-03 14:10:45.294  INFO 7512 --- [main] o.s.b.a.e.mvc.EndpointHandlerMapping     : Mapped "{[/env || /env.json],methods=[GET],produces=[application/json]}" onto public java.lang.Object org.springframework.boot.actuate.endpoint.mvc.EndpointMvcAdapter.invoke()
2016-12-03 14:10:45.295  INFO 7512 --- [main] o.s.b.a.e.mvc.EndpointHandlerMapping     : Mapped "{[/logfile || /logfile.json],methods=[GET || HEAD]}" onto public void org.springframework.boot.actuate.endpoint.mvc.LogFileMvcEndpoint.invoke(javax.servlet.http.HttpServletRequest,javax.servlet.http.HttpServletResponse) throws javax.servlet.ServletException,java.io.IOException
2016-12-03 14:10:45.297  INFO 7512 --- [main] o.s.b.a.e.mvc.EndpointHandlerMapping     : Mapped "{[/metrics/{name:.*}],methods=[GET],produces=[application/json]}" onto public java.lang.Object org.springframework.boot.actuate.endpoint.mvc.MetricsMvcEndpoint.value(java.lang.String)
2016-12-03 14:10:45.297  INFO 7512 --- [main] o.s.b.a.e.mvc.EndpointHandlerMapping     : Mapped "{[/metrics || /metrics.json],methods=[GET],produces=[application/json]}" onto public java.lang.Object org.springframework.boot.actuate.endpoint.mvc.EndpointMvcAdapter.invoke()
2016-12-03 14:10:45.298  INFO 7512 --- [main] o.s.b.a.e.mvc.EndpointHandlerMapping     : Mapped "{[/info || /info.json],methods=[GET],produces=[application/json]}" onto public java.lang.Object org.springframework.boot.actuate.endpoint.mvc.EndpointMvcAdapter.invoke()
2016-12-03 14:10:45.446  INFO 7512 --- [main] o.s.j.e.a.AnnotationMBeanExporter        : Registering beans for JMX exposure on startup
2016-12-03 14:10:45.460  INFO 7512 --- [main] o.s.c.support.DefaultLifecycleProcessor  : Starting beans in phase 0
2016-12-03 14:10:45.680  INFO 7512 --- [main] s.b.c.e.t.TomcatEmbeddedServletContainer : Tomcat started on port(s): 8080 (http)
2016-12-03 14:10:45.688  INFO 7512 --- [main] com.bao.MsDuminjunApplication            : Started MsDuminjunApplication in 6.22 seconds (JVM running for 7.155)
2016-12-03 14:10:55.840  INFO 7512 --- [http-nio-8080-exec-1] o.a.c.c.C.[Tomcat].[localhost].[/]       : Initializing Spring FrameworkServlet 'dispatcherServlet'
2016-12-03 14:10:55.841  INFO 7512 --- [http-nio-8080-exec-1] o.s.web.servlet.DispatcherServlet        : FrameworkServlet 'dispatcherServlet': initialization started
2016-12-03 14:10:55.858  INFO 7512 --- [http-nio-8080-exec-1] o.s.web.servlet.DispatcherServlet        : FrameworkServlet 'dispatcherServlet': initialization completed in 17 ms
2016-12-03 14:11:28.982  INFO 7512 --- [Thread-2] ationConfigEmbeddedWebApplicationContext : Closing org.springframework.boot.context.embedded.AnnotationConfigEmbeddedWebApplicationContext@47d90b9e: startup date [Sat Dec 03 14:10:40 CST 2016]; root of context hierarchy
2016-12-03 14:11:28.984  INFO 7512 --- [Thread-2] o.s.c.support.DefaultLifecycleProcessor  : Stopping beans in phase 0
2016-12-03 14:11:28.995  INFO 7512 --- [Thread-2] o.s.j.e.a.AnnotationMBeanExporter        : Unregistering JMX-exposed beans on shutdown
2016-12-04 00:29:08.156  INFO 9172 --- [main] com.bao.MsDuminjunApplication            : Starting MsDuminjunApplication on hanruofeideMBP.lan with PID 9172 (/Users/hanruofei/Documents/code_github/aixuManager/target/classes started by hanruofei in /Users/hanruofei/Documents/code_github/aixuManager)
2016-12-04 00:29:08.165  INFO 9172 --- [main] com.bao.MsDuminjunApplication            : No active profile set, falling back to default profiles: default
2016-12-04 00:29:08.289  INFO 9172 --- [main] ationConfigEmbeddedWebApplicationContext : Refreshing org.springframework.boot.context.embedded.AnnotationConfigEmbeddedWebApplicationContext@1b1473ab: startup date [Sun Dec 04 00:29:08 CST 2016]; root of context hierarchy
2016-12-04 00:29:09.795  WARN 9172 --- [main] o.m.s.mapper.ClassPathMapperScanner      : No MyBatis mapper was found in '[com.bao]' package. Please check your configuration.
2016-12-04 00:29:10.601  INFO 9172 --- [main] trationDelegate$BeanPostProcessorChecker : Bean 'org.springframework.transaction.annotation.ProxyTransactionManagementConfiguration' of type [class org.springframework.transaction.annotation.ProxyTransactionManagementConfiguration$$EnhancerBySpringCGLIB$$fc7a349b] is not eligible for getting processed by all BeanPostProcessors (for example: not eligible for auto-proxying)
2016-12-04 00:29:11.563  INFO 9172 --- [main] s.b.c.e.t.TomcatEmbeddedServletContainer : Tomcat initialized with port(s): 8080 (http)
2016-12-04 00:29:11.598  INFO 9172 --- [main] o.apache.catalina.core.StandardService   : Starting service Tomcat
2016-12-04 00:29:11.601  INFO 9172 --- [main] org.apache.catalina.core.StandardEngine  : Starting Servlet Engine: Apache Tomcat/8.0.33
2016-12-04 00:29:11.757  INFO 9172 --- [localhost-startStop-1] o.a.c.c.C.[Tomcat].[localhost].[/]       : Initializing Spring embedded WebApplicationContext
2016-12-04 00:29:11.757  INFO 9172 --- [localhost-startStop-1] o.s.web.context.ContextLoader            : Root WebApplicationContext: initialization completed in 3474 ms
2016-12-04 00:29:12.263  INFO 9172 --- [localhost-startStop-1] o.s.b.c.e.ServletRegistrationBean        : Mapping servlet: 'dispatcherServlet' to [/]
2016-12-04 00:29:12.270  INFO 9172 --- [localhost-startStop-1] o.s.b.c.embedded.FilterRegistrationBean  : Mapping filter: 'metricFilter' to: [/*]
2016-12-04 00:29:12.271  INFO 9172 --- [localhost-startStop-1] o.s.b.c.embedded.FilterRegistrationBean  : Mapping filter: 'characterEncodingFilter' to: [/*]
2016-12-04 00:29:12.271  INFO 9172 --- [localhost-startStop-1] o.s.b.c.embedded.FilterRegistrationBean  : Mapping filter: 'hiddenHttpMethodFilter' to: [/*]
2016-12-04 00:29:12.272  INFO 9172 --- [localhost-startStop-1] o.s.b.c.embedded.FilterRegistrationBean  : Mapping filter: 'httpPutFormContentFilter' to: [/*]
2016-12-04 00:29:12.272  INFO 9172 --- [localhost-startStop-1] o.s.b.c.embedded.FilterRegistrationBean  : Mapping filter: 'requestContextFilter' to: [/*]
2016-12-04 00:29:12.272  INFO 9172 --- [localhost-startStop-1] o.s.b.c.embedded.FilterRegistrationBean  : Mapping filter: 'webRequestLoggingFilter' to: [/*]
2016-12-04 00:29:12.272  INFO 9172 --- [localhost-startStop-1] o.s.b.c.embedded.FilterRegistrationBean  : Mapping filter: 'simpleCORSFilter' to: [/*]
2016-12-04 00:29:12.272  INFO 9172 --- [localhost-startStop-1] o.s.b.c.embedded.FilterRegistrationBean  : Mapping filter: 'applicationContextIdFilter' to: [/*]
2016-12-04 00:29:13.662  INFO 9172 --- [main] s.w.s.m.m.a.RequestMappingHandlerAdapter : Looking for @ControllerAdvice: org.springframework.boot.context.embedded.AnnotationConfigEmbeddedWebApplicationContext@1b1473ab: startup date [Sun Dec 04 00:29:08 CST 2016]; root of context hierarchy
2016-12-04 00:29:13.793  INFO 9172 --- [main] s.w.s.m.m.a.RequestMappingHandlerMapping : Mapped "{[/manager/common/login],methods=[POST]}" onto public com.bao.framework.ResponseEntity<?> com.bao.controller.ManagerController.login(com.bao.model.Manager,javax.servlet.http.HttpServletRequest)
2016-12-04 00:29:13.795  INFO 9172 --- [main] s.w.s.m.m.a.RequestMappingHandlerMapping : Mapped "{[/manager/createShopper],methods=[POST]}" onto public com.bao.framework.ResponseEntity<?> com.bao.controller.ManagerController.createShopper(com.bao.model.Shopper)
2016-12-04 00:29:13.795  INFO 9172 --- [main] s.w.s.m.m.a.RequestMappingHandlerMapping : Mapped "{[/manager/queryAll],methods=[GET]}" onto public com.bao.framework.ResponseEntity<?> com.bao.controller.ManagerController.getAllInfo()
2016-12-04 00:29:13.797  INFO 9172 --- [main] s.w.s.m.m.a.RequestMappingHandlerMapping : Mapped "{[/product/all],methods=[GET]}" onto public com.bao.framework.ResponseEntity<?> com.bao.controller.ProductController.getInfo()
2016-12-04 00:29:13.798  INFO 9172 --- [main] s.w.s.m.m.a.RequestMappingHandlerMapping : Mapped "{[/product/saveOrUpdate],methods=[POST]}" onto public com.bao.framework.ResponseEntity<?> com.bao.controller.ProductController.saveOrUpdate(com.bao.model.Product)
2016-12-04 00:29:13.798  INFO 9172 --- [main] s.w.s.m.m.a.RequestMappingHandlerMapping : Mapped "{[/product/delete/{id}],methods=[POST]}" onto public com.bao.framework.ResponseEntity<?> com.bao.controller.ProductController.deleteProduct(java.lang.String)
2016-12-04 00:29:13.799  INFO 9172 --- [main] s.w.s.m.m.a.RequestMappingHandlerMapping : Mapped "{[/product/get/{id}],methods=[GET]}" onto public com.bao.framework.ResponseEntity<?> com.bao.controller.ProductController.getInfoById(java.lang.String)
2016-12-04 00:29:13.803  INFO 9172 --- [main] s.w.s.m.m.a.RequestMappingHandlerMapping : Mapped "{[/error]}" onto public org.springframework.http.ResponseEntity<java.util.Map<java.lang.String, java.lang.Object>> org.springframework.boot.autoconfigure.web.BasicErrorController.error(javax.servlet.http.HttpServletRequest)
2016-12-04 00:29:13.803  INFO 9172 --- [main] s.w.s.m.m.a.RequestMappingHandlerMapping : Mapped "{[/error],produces=[text/html]}" onto public org.springframework.web.servlet.ModelAndView org.springframework.boot.autoconfigure.web.BasicErrorController.errorHtml(javax.servlet.http.HttpServletRequest,javax.servlet.http.HttpServletResponse)
2016-12-04 00:29:13.839  INFO 9172 --- [main] o.s.w.s.handler.SimpleUrlHandlerMapping  : Mapped URL path [/webjars/**] onto handler of type [class org.springframework.web.servlet.resource.ResourceHttpRequestHandler]
2016-12-04 00:29:13.839  INFO 9172 --- [main] o.s.w.s.handler.SimpleUrlHandlerMapping  : Mapped URL path [/**] onto handler of type [class org.springframework.web.servlet.resource.ResourceHttpRequestHandler]
2016-12-04 00:29:13.888  INFO 9172 --- [main] o.s.w.s.handler.SimpleUrlHandlerMapping  : Mapped URL path [/**/favicon.ico] onto handler of type [class org.springframework.web.servlet.resource.ResourceHttpRequestHandler]
2016-12-04 00:29:14.448  INFO 9172 --- [main] o.s.b.a.e.mvc.EndpointHandlerMapping     : Mapped "{[/mappings || /mappings.json],methods=[GET],produces=[application/json]}" onto public java.lang.Object org.springframework.boot.actuate.endpoint.mvc.EndpointMvcAdapter.invoke()
2016-12-04 00:29:14.449  INFO 9172 --- [main] o.s.b.a.e.mvc.EndpointHandlerMapping     : Mapped "{[/configprops || /configprops.json],methods=[GET],produces=[application/json]}" onto public java.lang.Object org.springframework.boot.actuate.endpoint.mvc.EndpointMvcAdapter.invoke()
2016-12-04 00:29:14.449  INFO 9172 --- [main] o.s.b.a.e.mvc.EndpointHandlerMapping     : Mapped "{[/health || /health.json],produces=[application/json]}" onto public java.lang.Object org.springframework.boot.actuate.endpoint.mvc.HealthMvcEndpoint.invoke(java.security.Principal)
2016-12-04 00:29:14.450  INFO 9172 --- [main] o.s.b.a.e.mvc.EndpointHandlerMapping     : Mapped "{[/beans || /beans.json],methods=[GET],produces=[application/json]}" onto public java.lang.Object org.springframework.boot.actuate.endpoint.mvc.EndpointMvcAdapter.invoke()
2016-12-04 00:29:14.453  INFO 9172 --- [main] o.s.b.a.e.mvc.EndpointHandlerMapping     : Mapped "{[/trace || /trace.json],methods=[GET],produces=[application/json]}" onto public java.lang.Object org.springframework.boot.actuate.endpoint.mvc.EndpointMvcAdapter.invoke()
2016-12-04 00:29:14.453  INFO 9172 --- [main] o.s.b.a.e.mvc.EndpointHandlerMapping     : Mapped "{[/logfile || /logfile.json],methods=[GET || HEAD]}" onto public void org.springframework.boot.actuate.endpoint.mvc.LogFileMvcEndpoint.invoke(javax.servlet.http.HttpServletRequest,javax.servlet.http.HttpServletResponse) throws javax.servlet.ServletException,java.io.IOException
2016-12-04 00:29:14.455  INFO 9172 --- [main] o.s.b.a.e.mvc.EndpointHandlerMapping     : Mapped "{[/info || /info.json],methods=[GET],produces=[application/json]}" onto public java.lang.Object org.springframework.boot.actuate.endpoint.mvc.EndpointMvcAdapter.invoke()
2016-12-04 00:29:14.456  INFO 9172 --- [main] o.s.b.a.e.mvc.EndpointHandlerMapping     : Mapped "{[/dump || /dump.json],methods=[GET],produces=[application/json]}" onto public java.lang.Object org.springframework.boot.actuate.endpoint.mvc.EndpointMvcAdapter.invoke()
2016-12-04 00:29:14.458  INFO 9172 --- [main] o.s.b.a.e.mvc.EndpointHandlerMapping     : Mapped "{[/env/{name:.*}],methods=[GET],produces=[application/json]}" onto public java.lang.Object org.springframework.boot.actuate.endpoint.mvc.EnvironmentMvcEndpoint.value(java.lang.String)
2016-12-04 00:29:14.458  INFO 9172 --- [main] o.s.b.a.e.mvc.EndpointHandlerMapping     : Mapped "{[/env || /env.json],methods=[GET],produces=[application/json]}" onto public java.lang.Object org.springframework.boot.actuate.endpoint.mvc.EndpointMvcAdapter.invoke()
2016-12-04 00:29:14.460  INFO 9172 --- [main] o.s.b.a.e.mvc.EndpointHandlerMapping     : Mapped "{[/metrics/{name:.*}],methods=[GET],produces=[application/json]}" onto public java.lang.Object org.springframework.boot.actuate.endpoint.mvc.MetricsMvcEndpoint.value(java.lang.String)
2016-12-04 00:29:14.460  INFO 9172 --- [main] o.s.b.a.e.mvc.EndpointHandlerMapping     : Mapped "{[/metrics || /metrics.json],methods=[GET],produces=[application/json]}" onto public java.lang.Object org.springframework.boot.actuate.endpoint.mvc.EndpointMvcAdapter.invoke()
2016-12-04 00:29:14.461  INFO 9172 --- [main] o.s.b.a.e.mvc.EndpointHandlerMapping     : Mapped "{[/autoconfig || /autoconfig.json],methods=[GET],produces=[application/json]}" onto public java.lang.Object org.springframework.boot.actuate.endpoint.mvc.EndpointMvcAdapter.invoke()
2016-12-04 00:29:14.600  INFO 9172 --- [main] o.s.j.e.a.AnnotationMBeanExporter        : Registering beans for JMX exposure on startup
2016-12-04 00:29:14.612  INFO 9172 --- [main] o.s.c.support.DefaultLifecycleProcessor  : Starting beans in phase 0
2016-12-04 00:29:14.974  INFO 9172 --- [main] s.b.c.e.t.TomcatEmbeddedServletContainer : Tomcat started on port(s): 8080 (http)
2016-12-04 00:29:14.979  INFO 9172 --- [main] com.bao.MsDuminjunApplication            : Started MsDuminjunApplication in 8.011 seconds (JVM running for 8.715)
2016-12-04 00:29:35.608  INFO 9172 --- [http-nio-8080-exec-1] o.a.c.c.C.[Tomcat].[localhost].[/]       : Initializing Spring FrameworkServlet 'dispatcherServlet'
2016-12-04 00:29:35.608  INFO 9172 --- [http-nio-8080-exec-1] o.s.web.servlet.DispatcherServlet        : FrameworkServlet 'dispatcherServlet': initialization started
2016-12-04 00:29:35.623  INFO 9172 --- [http-nio-8080-exec-1] o.s.web.servlet.DispatcherServlet        : FrameworkServlet 'dispatcherServlet': initialization completed in 14 ms
2016-12-04 00:29:49.041  INFO 9172 --- [Thread-2] ationConfigEmbeddedWebApplicationContext : Closing org.springframework.boot.context.embedded.AnnotationConfigEmbeddedWebApplicationContext@1b1473ab: startup date [Sun Dec 04 00:29:08 CST 2016]; root of context hierarchy
2016-12-04 00:29:49.044  INFO 9172 --- [Thread-2] o.s.c.support.DefaultLifecycleProcessor  : Stopping beans in phase 0
2016-12-04 00:29:49.048  INFO 9172 --- [Thread-2] o.s.j.e.a.AnnotationMBeanExporter        : Unregistering JMX-exposed beans on shutdown
2016-12-04 00:30:32.031  INFO 9188 --- [main] com.bao.MsDuminjunApplication            : Starting MsDuminjunApplication on hanruofeideMBP.lan with PID 9188 (/Users/hanruofei/Documents/code_github/aixuManager/target/classes started by hanruofei in /Users/hanruofei/Documents/code_github/aixuManager)
2016-12-04 00:30:32.043  INFO 9188 --- [main] com.bao.MsDuminjunApplication            : No active profile set, falling back to default profiles: default
2016-12-04 00:30:32.140  INFO 9188 --- [main] ationConfigEmbeddedWebApplicationContext : Refreshing org.springframework.boot.context.embedded.AnnotationConfigEmbeddedWebApplicationContext@1b1473ab: startup date [Sun Dec 04 00:30:32 CST 2016]; root of context hierarchy
2016-12-04 00:30:33.529  WARN 9188 --- [main] o.m.s.mapper.ClassPathMapperScanner      : No MyBatis mapper was found in '[com.bao]' package. Please check your configuration.
2016-12-04 00:30:34.091  INFO 9188 --- [main] trationDelegate$BeanPostProcessorChecker : Bean 'org.springframework.transaction.annotation.ProxyTransactionManagementConfiguration' of type [class org.springframework.transaction.annotation.ProxyTransactionManagementConfiguration$$EnhancerBySpringCGLIB$$fc7a349b] is not eligible for getting processed by all BeanPostProcessors (for example: not eligible for auto-proxying)
2016-12-04 00:30:34.562  INFO 9188 --- [main] s.b.c.e.t.TomcatEmbeddedServletContainer : Tomcat initialized with port(s): 8080 (http)
2016-12-04 00:30:34.583  INFO 9188 --- [main] o.apache.catalina.core.StandardService   : Starting service Tomcat
2016-12-04 00:30:34.585  INFO 9188 --- [main] org.apache.catalina.core.StandardEngine  : Starting Servlet Engine: Apache Tomcat/8.0.33
2016-12-04 00:30:34.705  INFO 9188 --- [localhost-startStop-1] o.a.c.c.C.[Tomcat].[localhost].[/]       : Initializing Spring embedded WebApplicationContext
2016-12-04 00:30:34.705  INFO 9188 --- [localhost-startStop-1] o.s.web.context.ContextLoader            : Root WebApplicationContext: initialization completed in 2575 ms
2016-12-04 00:30:35.138  INFO 9188 --- [localhost-startStop-1] o.s.b.c.e.ServletRegistrationBean        : Mapping servlet: 'dispatcherServlet' to [/]
2016-12-04 00:30:35.144  INFO 9188 --- [localhost-startStop-1] o.s.b.c.embedded.FilterRegistrationBean  : Mapping filter: 'metricFilter' to: [/*]
2016-12-04 00:30:35.145  INFO 9188 --- [localhost-startStop-1] o.s.b.c.embedded.FilterRegistrationBean  : Mapping filter: 'characterEncodingFilter' to: [/*]
2016-12-04 00:30:35.145  INFO 9188 --- [localhost-startStop-1] o.s.b.c.embedded.FilterRegistrationBean  : Mapping filter: 'hiddenHttpMethodFilter' to: [/*]
2016-12-04 00:30:35.145  INFO 9188 --- [localhost-startStop-1] o.s.b.c.embedded.FilterRegistrationBean  : Mapping filter: 'httpPutFormContentFilter' to: [/*]
2016-12-04 00:30:35.145  INFO 9188 --- [localhost-startStop-1] o.s.b.c.embedded.FilterRegistrationBean  : Mapping filter: 'requestContextFilter' to: [/*]
2016-12-04 00:30:35.145  INFO 9188 --- [localhost-startStop-1] o.s.b.c.embedded.FilterRegistrationBean  : Mapping filter: 'webRequestLoggingFilter' to: [/*]
2016-12-04 00:30:35.146  INFO 9188 --- [localhost-startStop-1] o.s.b.c.embedded.FilterRegistrationBean  : Mapping filter: 'simpleCORSFilter' to: [/*]
2016-12-04 00:30:35.146  INFO 9188 --- [localhost-startStop-1] o.s.b.c.embedded.FilterRegistrationBean  : Mapping filter: 'applicationContextIdFilter' to: [/*]
2016-12-04 00:30:35.935  INFO 9188 --- [main] s.w.s.m.m.a.RequestMappingHandlerAdapter : Looking for @ControllerAdvice: org.springframework.boot.context.embedded.AnnotationConfigEmbeddedWebApplicationContext@1b1473ab: startup date [Sun Dec 04 00:30:32 CST 2016]; root of context hierarchy
2016-12-04 00:30:36.019  INFO 9188 --- [main] s.w.s.m.m.a.RequestMappingHandlerMapping : Mapped "{[/manager/common/login],methods=[POST]}" onto public com.bao.framework.ResponseEntity<?> com.bao.controller.ManagerController.login(com.bao.model.Manager,javax.servlet.http.HttpServletRequest)
2016-12-04 00:30:36.021  INFO 9188 --- [main] s.w.s.m.m.a.RequestMappingHandlerMapping : Mapped "{[/manager/createShopper],methods=[POST]}" onto public com.bao.framework.ResponseEntity<?> com.bao.controller.ManagerController.createShopper(com.bao.model.Shopper)
2016-12-04 00:30:36.022  INFO 9188 --- [main] s.w.s.m.m.a.RequestMappingHandlerMapping : Mapped "{[/manager/queryAll],methods=[GET]}" onto public com.bao.framework.ResponseEntity<?> com.bao.controller.ManagerController.getAllInfo()
2016-12-04 00:30:36.024  INFO 9188 --- [main] s.w.s.m.m.a.RequestMappingHandlerMapping : Mapped "{[/product/all],methods=[GET]}" onto public com.bao.framework.ResponseEntity<?> com.bao.controller.ProductController.getInfo()
2016-12-04 00:30:36.024  INFO 9188 --- [main] s.w.s.m.m.a.RequestMappingHandlerMapping : Mapped "{[/product/saveOrUpdate],methods=[POST]}" onto public com.bao.framework.ResponseEntity<?> com.bao.controller.ProductController.saveOrUpdate(com.bao.model.Product)
2016-12-04 00:30:36.025  INFO 9188 --- [main] s.w.s.m.m.a.RequestMappingHandlerMapping : Mapped "{[/product/delete/{id}],methods=[POST]}" onto public com.bao.framework.ResponseEntity<?> com.bao.controller.ProductController.deleteProduct(java.lang.String)
2016-12-04 00:30:36.026  INFO 9188 --- [main] s.w.s.m.m.a.RequestMappingHandlerMapping : Mapped "{[/product/get/{id}],methods=[GET]}" onto public com.bao.framework.ResponseEntity<?> com.bao.controller.ProductController.getInfoById(java.lang.String)
2016-12-04 00:30:36.029  INFO 9188 --- [main] s.w.s.m.m.a.RequestMappingHandlerMapping : Mapped "{[/error]}" onto public org.springframework.http.ResponseEntity<java.util.Map<java.lang.String, java.lang.Object>> org.springframework.boot.autoconfigure.web.BasicErrorController.error(javax.servlet.http.HttpServletRequest)
2016-12-04 00:30:36.030  INFO 9188 --- [main] s.w.s.m.m.a.RequestMappingHandlerMapping : Mapped "{[/error],produces=[text/html]}" onto public org.springframework.web.servlet.ModelAndView org.springframework.boot.autoconfigure.web.BasicErrorController.errorHtml(javax.servlet.http.HttpServletRequest,javax.servlet.http.HttpServletResponse)
2016-12-04 00:30:36.062  INFO 9188 --- [main] o.s.w.s.handler.SimpleUrlHandlerMapping  : Mapped URL path [/webjars/**] onto handler of type [class org.springframework.web.servlet.resource.ResourceHttpRequestHandler]
2016-12-04 00:30:36.062  INFO 9188 --- [main] o.s.w.s.handler.SimpleUrlHandlerMapping  : Mapped URL path [/**] onto handler of type [class org.springframework.web.servlet.resource.ResourceHttpRequestHandler]
2016-12-04 00:30:36.104  INFO 9188 --- [main] o.s.w.s.handler.SimpleUrlHandlerMapping  : Mapped URL path [/**/favicon.ico] onto handler of type [class org.springframework.web.servlet.resource.ResourceHttpRequestHandler]
2016-12-04 00:30:36.599  INFO 9188 --- [main] o.s.b.a.e.mvc.EndpointHandlerMapping     : Mapped "{[/mappings || /mappings.json],methods=[GET],produces=[application/json]}" onto public java.lang.Object org.springframework.boot.actuate.endpoint.mvc.EndpointMvcAdapter.invoke()
2016-12-04 00:30:36.599  INFO 9188 --- [main] o.s.b.a.e.mvc.EndpointHandlerMapping     : Mapped "{[/configprops || /configprops.json],methods=[GET],produces=[application/json]}" onto public java.lang.Object org.springframework.boot.actuate.endpoint.mvc.EndpointMvcAdapter.invoke()
2016-12-04 00:30:36.600  INFO 9188 --- [main] o.s.b.a.e.mvc.EndpointHandlerMapping     : Mapped "{[/health || /health.json],produces=[application/json]}" onto public java.lang.Object org.springframework.boot.actuate.endpoint.mvc.HealthMvcEndpoint.invoke(java.security.Principal)
2016-12-04 00:30:36.600  INFO 9188 --- [main] o.s.b.a.e.mvc.EndpointHandlerMapping     : Mapped "{[/beans || /beans.json],methods=[GET],produces=[application/json]}" onto public java.lang.Object org.springframework.boot.actuate.endpoint.mvc.EndpointMvcAdapter.invoke()
2016-12-04 00:30:36.601  INFO 9188 --- [main] o.s.b.a.e.mvc.EndpointHandlerMapping     : Mapped "{[/trace || /trace.json],methods=[GET],produces=[application/json]}" onto public java.lang.Object org.springframework.boot.actuate.endpoint.mvc.EndpointMvcAdapter.invoke()
2016-12-04 00:30:36.602  INFO 9188 --- [main] o.s.b.a.e.mvc.EndpointHandlerMapping     : Mapped "{[/logfile || /logfile.json],methods=[GET || HEAD]}" onto public void org.springframework.boot.actuate.endpoint.mvc.LogFileMvcEndpoint.invoke(javax.servlet.http.HttpServletRequest,javax.servlet.http.HttpServletResponse) throws javax.servlet.ServletException,java.io.IOException
2016-12-04 00:30:36.603  INFO 9188 --- [main] o.s.b.a.e.mvc.EndpointHandlerMapping     : Mapped "{[/info || /info.json],methods=[GET],produces=[application/json]}" onto public java.lang.Object org.springframework.boot.actuate.endpoint.mvc.EndpointMvcAdapter.invoke()
2016-12-04 00:30:36.603  INFO 9188 --- [main] o.s.b.a.e.mvc.EndpointHandlerMapping     : Mapped "{[/dump || /dump.json],methods=[GET],produces=[application/json]}" onto public java.lang.Object org.springframework.boot.actuate.endpoint.mvc.EndpointMvcAdapter.invoke()
2016-12-04 00:30:36.604  INFO 9188 --- [main] o.s.b.a.e.mvc.EndpointHandlerMapping     : Mapped "{[/env/{name:.*}],methods=[GET],produces=[application/json]}" onto public java.lang.Object org.springframework.boot.actuate.endpoint.mvc.EnvironmentMvcEndpoint.value(java.lang.String)
2016-12-04 00:30:36.605  INFO 9188 --- [main] o.s.b.a.e.mvc.EndpointHandlerMapping     : Mapped "{[/env || /env.json],methods=[GET],produces=[application/json]}" onto public java.lang.Object org.springframework.boot.actuate.endpoint.mvc.EndpointMvcAdapter.invoke()
2016-12-04 00:30:36.605  INFO 9188 --- [main] o.s.b.a.e.mvc.EndpointHandlerMapping     : Mapped "{[/metrics/{name:.*}],methods=[GET],produces=[application/json]}" onto public java.lang.Object org.springframework.boot.actuate.endpoint.mvc.MetricsMvcEndpoint.value(java.lang.String)
2016-12-04 00:30:36.606  INFO 9188 --- [main] o.s.b.a.e.mvc.EndpointHandlerMapping     : Mapped "{[/metrics || /metrics.json],methods=[GET],produces=[application/json]}" onto public java.lang.Object org.springframework.boot.actuate.endpoint.mvc.EndpointMvcAdapter.invoke()
2016-12-04 00:30:36.606  INFO 9188 --- [main] o.s.b.a.e.mvc.EndpointHandlerMapping     : Mapped "{[/autoconfig || /autoconfig.json],methods=[GET],produces=[application/json]}" onto public java.lang.Object org.springframework.boot.actuate.endpoint.mvc.EndpointMvcAdapter.invoke()
2016-12-04 00:30:36.726  INFO 9188 --- [main] o.s.j.e.a.AnnotationMBeanExporter        : Registering beans for JMX exposure on startup
2016-12-04 00:30:36.738  INFO 9188 --- [main] o.s.c.support.DefaultLifecycleProcessor  : Starting beans in phase 0
2016-12-04 00:30:36.894  INFO 9188 --- [main] s.b.c.e.t.TomcatEmbeddedServletContainer : Tomcat started on port(s): 8080 (http)
2016-12-04 00:30:37.005  INFO 9188 --- [main] com.bao.MsDuminjunApplication            : Started MsDuminjunApplication in 6.042 seconds (JVM running for 6.708)
2016-12-04 00:30:47.913  INFO 9188 --- [http-nio-8080-exec-1] o.a.c.c.C.[Tomcat].[localhost].[/]       : Initializing Spring FrameworkServlet 'dispatcherServlet'
2016-12-04 00:30:47.913  INFO 9188 --- [http-nio-8080-exec-1] o.s.web.servlet.DispatcherServlet        : FrameworkServlet 'dispatcherServlet': initialization started
2016-12-04 00:30:47.928  INFO 9188 --- [http-nio-8080-exec-1] o.s.web.servlet.DispatcherServlet        : FrameworkServlet 'dispatcherServlet': initialization completed in 15 ms
2016-12-04 00:31:44.810  INFO 9188 --- [Thread-2] ationConfigEmbeddedWebApplicationContext : Closing org.springframework.boot.context.embedded.AnnotationConfigEmbeddedWebApplicationContext@1b1473ab: startup date [Sun Dec 04 00:30:32 CST 2016]; root of context hierarchy
2016-12-04 00:31:44.814  INFO 9188 --- [Thread-2] o.s.c.support.DefaultLifecycleProcessor  : Stopping beans in phase 0
2016-12-04 00:31:44.819  INFO 9188 --- [Thread-2] o.s.j.e.a.AnnotationMBeanExporter        : Unregistering JMX-exposed beans on shutdown
